unit   2 off from 108000 to 154800
unit   2 off from 280800 to 327600
HELICS publication key 0 pypower/three_phase_voltage_B7
HELICS publication key 1 pypower/LMP_B7
HELICS subscription key 0 _input_2 target gld1/distribution_load
HELICS subscription key 1 _input_3 target sub1/unresponsive_mw
HELICS subscription key 2 _input_4 target sub1/responsive_max_mw
HELICS subscription key 3 _input_5 target sub1/responsive_c1
HELICS subscription key 4 _input_6 target sub1/responsive_c2
HELICS subscription key 5 _input_7 target sub1/responsive_deg
  Keeping SWING Bus 2 (Gen 2) at 0 and 65.09 MW
  Keeping SWING Bus 2 (Gen 2) at 285 and 69.49 MW
  Keeping SWING Bus 2 (Gen 2) at 585 and 72.49 MW
  Keeping SWING Bus 2 (Gen 2) at 885 and 71.99 MW
  Keeping SWING Bus 2 (Gen 2) at 1185 and 71.85 MW
  Keeping SWING Bus 2 (Gen 2) at 1485 and 72.46 MW
  Keeping SWING Bus 2 (Gen 2) at 1785 and 72.31 MW
  Keeping SWING Bus 2 (Gen 2) at 2085 and 71.52 MW
  Keeping SWING Bus 2 (Gen 2) at 2385 and 72.14 MW
  Keeping SWING Bus 2 (Gen 2) at 2685 and 71.70 MW
  Keeping SWING Bus 2 (Gen 2) at 2985 and 71.70 MW
  Keeping SWING Bus 2 (Gen 2) at 3285 and 71.48 MW
  Keeping SWING Bus 2 (Gen 2) at 3585 and 70.92 MW
  Keeping SWING Bus 2 (Gen 2) at 3885 and 71.89 MW
  Keeping SWING Bus 2 (Gen 2) at 4185 and 71.26 MW
  Keeping SWING Bus 2 (Gen 2) at 4485 and 72.05 MW
  Keeping SWING Bus 2 (Gen 2) at 4785 and 71.41 MW
  Keeping SWING Bus 2 (Gen 2) at 5085 and 71.80 MW
  Keeping SWING Bus 2 (Gen 2) at 5385 and 70.64 MW
  Keeping SWING Bus 2 (Gen 2) at 5685 and 72.26 MW
  Keeping SWING Bus 2 (Gen 2) at 5985 and 71.10 MW
  Keeping SWING Bus 2 (Gen 2) at 6285 and 71.51 MW
  Keeping SWING Bus 2 (Gen 2) at 6585 and 71.11 MW
  Keeping SWING Bus 2 (Gen 2) at 6885 and 71.30 MW
  Keeping SWING Bus 2 (Gen 2) at 7185 and 71.38 MW
  Keeping SWING Bus 2 (Gen 2) at 7485 and 71.06 MW
  Keeping SWING Bus 2 (Gen 2) at 7785 and 72.22 MW
  Keeping SWING Bus 2 (Gen 2) at 8085 and 71.37 MW
  Keeping SWING Bus 2 (Gen 2) at 8385 and 70.71 MW
  Keeping SWING Bus 2 (Gen 2) at 8685 and 72.01 MW
  Keeping SWING Bus 2 (Gen 2) at 8985 and 70.92 MW
  Keeping SWING Bus 2 (Gen 2) at 9285 and 70.69 MW
  Keeping SWING Bus 2 (Gen 2) at 9585 and 71.82 MW
  Keeping SWING Bus 2 (Gen 2) at 9885 and 70.53 MW
  Keeping SWING Bus 2 (Gen 2) at 10185 and 72.24 MW
  Keeping SWING Bus 2 (Gen 2) at 10485 and 72.11 MW
  Keeping SWING Bus 2 (Gen 2) at 10785 and 70.68 MW
  Keeping SWING Bus 2 (Gen 2) at 11085 and 70.71 MW
  Keeping SWING Bus 2 (Gen 2) at 11385 and 70.64 MW
  Keeping SWING Bus 2 (Gen 2) at 11685 and 70.96 MW
  Keeping SWING Bus 2 (Gen 2) at 11985 and 72.24 MW
  Keeping SWING Bus 2 (Gen 2) at 12285 and 72.21 MW
  Keeping SWING Bus 2 (Gen 2) at 12585 and 71.60 MW
  Keeping SWING Bus 2 (Gen 2) at 12885 and 70.54 MW
  Keeping SWING Bus 2 (Gen 2) at 13185 and 71.28 MW
  Keeping SWING Bus 2 (Gen 2) at 13485 and 70.33 MW
  Keeping SWING Bus 2 (Gen 2) at 13785 and 70.78 MW
  Keeping SWING Bus 2 (Gen 2) at 14085 and 71.79 MW
  Keeping SWING Bus 2 (Gen 2) at 14385 and 71.77 MW
  Keeping SWING Bus 2 (Gen 2) at 14685 and 70.56 MW
  Keeping SWING Bus 2 (Gen 2) at 14985 and 70.71 MW
  Keeping SWING Bus 2 (Gen 2) at 15285 and 70.98 MW
  Keeping SWING Bus 2 (Gen 2) at 15585 and 71.45 MW
  Keeping SWING Bus 2 (Gen 2) at 15885 and 71.80 MW
  Keeping SWING Bus 2 (Gen 2) at 16185 and 71.03 MW
  Keeping SWING Bus 2 (Gen 2) at 16485 and 70.19 MW
  Keeping SWING Bus 2 (Gen 2) at 16785 and 71.03 MW
  Keeping SWING Bus 2 (Gen 2) at 17085 and 71.55 MW
  Keeping SWING Bus 2 (Gen 2) at 17385 and 70.64 MW
  Keeping SWING Bus 2 (Gen 2) at 17685 and 71.44 MW
  Keeping SWING Bus 2 (Gen 2) at 17985 and 70.55 MW
  Keeping SWING Bus 2 (Gen 2) at 18285 and 71.80 MW
  Keeping SWING Bus 2 (Gen 2) at 18585 and 71.34 MW
  Keeping SWING Bus 2 (Gen 2) at 18885 and 73.07 MW
  Keeping SWING Bus 2 (Gen 2) at 19185 and 73.03 MW
  Keeping SWING Bus 2 (Gen 2) at 19485 and 73.03 MW
  Keeping SWING Bus 2 (Gen 2) at 19785 and 73.08 MW
  Keeping SWING Bus 2 (Gen 2) at 20085 and 73.32 MW
  Keeping SWING Bus 2 (Gen 2) at 20385 and 72.75 MW
  Keeping SWING Bus 2 (Gen 2) at 20685 and 72.67 MW
  Keeping SWING Bus 2 (Gen 2) at 20985 and 73.08 MW
  Keeping SWING Bus 2 (Gen 2) at 21285 and 73.87 MW
  Keeping SWING Bus 2 (Gen 2) at 21585 and 73.30 MW
  Keeping SWING Bus 2 (Gen 2) at 21885 and 73.38 MW
  Keeping SWING Bus 2 (Gen 2) at 22185 and 73.66 MW
  Keeping SWING Bus 2 (Gen 2) at 22485 and 74.55 MW
  Keeping SWING Bus 2 (Gen 2) at 22785 and 73.82 MW
  Keeping SWING Bus 2 (Gen 2) at 23085 and 74.27 MW
  Keeping SWING Bus 2 (Gen 2) at 23385 and 74.50 MW
  Keeping SWING Bus 2 (Gen 2) at 23685 and 75.20 MW
  Keeping SWING Bus 2 (Gen 2) at 23985 and 76.45 MW
  Keeping SWING Bus 2 (Gen 2) at 24285 and 75.63 MW
  Keeping SWING Bus 2 (Gen 2) at 24585 and 75.46 MW
  Keeping SWING Bus 2 (Gen 2) at 24885 and 76.69 MW
  Keeping SWING Bus 2 (Gen 2) at 25185 and 76.22 MW
  Keeping SWING Bus 2 (Gen 2) at 25485 and 77.75 MW
  Keeping SWING Bus 2 (Gen 2) at 25785 and 76.57 MW
  Keeping SWING Bus 2 (Gen 2) at 26085 and 83.22 MW
  Keeping SWING Bus 2 (Gen 2) at 26385 and 84.45 MW
  Keeping SWING Bus 2 (Gen 2) at 26685 and 86.40 MW
  Keeping SWING Bus 2 (Gen 2) at 26985 and 86.30 MW
  Keeping SWING Bus 2 (Gen 2) at 27285 and 85.30 MW
  Keeping SWING Bus 2 (Gen 2) at 27585 and 87.52 MW
  Keeping SWING Bus 2 (Gen 2) at 27885 and 87.67 MW
  Keeping SWING Bus 2 (Gen 2) at 28185 and 89.35 MW
  Keeping SWING Bus 2 (Gen 2) at 28485 and 90.50 MW
  Keeping SWING Bus 2 (Gen 2) at 28785 and 91.01 MW
  Keeping SWING Bus 2 (Gen 2) at 29085 and 91.59 MW
  Keeping SWING Bus 2 (Gen 2) at 29385 and 93.66 MW
  Keeping SWING Bus 2 (Gen 2) at 29685 and 93.45 MW
  Keeping SWING Bus 2 (Gen 2) at 29985 and 94.16 MW
  Keeping SWING Bus 2 (Gen 2) at 30285 and 95.91 MW
  Keeping SWING Bus 2 (Gen 2) at 30585 and 93.96 MW
  Keeping SWING Bus 2 (Gen 2) at 30885 and 96.58 MW
  Keeping SWING Bus 2 (Gen 2) at 31185 and 98.67 MW
  Keeping SWING Bus 2 (Gen 2) at 31485 and 95.76 MW
  Keeping SWING Bus 2 (Gen 2) at 31785 and 96.79 MW
  Keeping SWING Bus 2 (Gen 2) at 32085 and 101.44 MW
  Keeping SWING Bus 2 (Gen 2) at 32385 and 101.62 MW
  Keeping SWING Bus 2 (Gen 2) at 32685 and 100.33 MW
  Keeping SWING Bus 2 (Gen 2) at 32985 and 94.18 MW
  Keeping SWING Bus 2 (Gen 2) at 33285 and 99.50 MW
  Keeping SWING Bus 2 (Gen 2) at 33585 and 97.77 MW
  Keeping SWING Bus 2 (Gen 2) at 33885 and 97.75 MW
  Keeping SWING Bus 2 (Gen 2) at 34185 and 98.42 MW
  Keeping SWING Bus 2 (Gen 2) at 34485 and 98.68 MW
  Keeping SWING Bus 2 (Gen 2) at 34785 and 98.45 MW
  Keeping SWING Bus 2 (Gen 2) at 35085 and 98.71 MW
  Keeping SWING Bus 2 (Gen 2) at 35385 and 98.06 MW
  Keeping SWING Bus 2 (Gen 2) at 35685 and 99.62 MW
  Keeping SWING Bus 2 (Gen 2) at 35985 and 100.13 MW
  Keeping SWING Bus 2 (Gen 2) at 36285 and 101.22 MW
  Keeping SWING Bus 2 (Gen 2) at 36585 and 107.13 MW
  Keeping SWING Bus 2 (Gen 2) at 36885 and 103.87 MW
  Keeping SWING Bus 2 (Gen 2) at 37185 and 106.76 MW
  Keeping SWING Bus 2 (Gen 2) at 37485 and 105.41 MW
  Keeping SWING Bus 2 (Gen 2) at 37785 and 109.27 MW
  Keeping SWING Bus 2 (Gen 2) at 38085 and 110.30 MW
  Keeping SWING Bus 2 (Gen 2) at 38385 and 110.85 MW
  Keeping SWING Bus 2 (Gen 2) at 38685 and 112.78 MW
  Keeping SWING Bus 2 (Gen 2) at 38985 and 114.03 MW
  Keeping SWING Bus 2 (Gen 2) at 39285 and 117.45 MW
  Keeping SWING Bus 2 (Gen 2) at 39585 and 120.24 MW
  Keeping SWING Bus 2 (Gen 2) at 39885 and 120.16 MW
  Keeping SWING Bus 2 (Gen 2) at 40185 and 118.45 MW
  Keeping SWING Bus 2 (Gen 2) at 40485 and 125.37 MW
  Keeping SWING Bus 2 (Gen 2) at 40785 and 120.50 MW
  Keeping SWING Bus 2 (Gen 2) at 41085 and 127.67 MW
  Keeping SWING Bus 2 (Gen 2) at 41385 and 126.33 MW
  Keeping SWING Bus 2 (Gen 2) at 41685 and 128.97 MW
  Keeping SWING Bus 2 (Gen 2) at 41985 and 126.07 MW
  Keeping SWING Bus 2 (Gen 2) at 42285 and 126.55 MW
  Keeping SWING Bus 2 (Gen 2) at 42585 and 131.40 MW
  Keeping SWING Bus 2 (Gen 2) at 42885 and 122.49 MW
  Keeping SWING Bus 2 (Gen 2) at 43185 and 133.67 MW
  Keeping SWING Bus 2 (Gen 2) at 43485 and 130.90 MW
  Keeping SWING Bus 2 (Gen 2) at 43785 and 130.17 MW
  Keeping SWING Bus 2 (Gen 2) at 44085 and 132.63 MW
  Keeping SWING Bus 2 (Gen 2) at 44385 and 130.28 MW
  Keeping SWING Bus 2 (Gen 2) at 44685 and 133.70 MW
  Keeping SWING Bus 2 (Gen 2) at 44985 and 131.33 MW
  Keeping SWING Bus 2 (Gen 2) at 45285 and 130.85 MW
  Keeping SWING Bus 2 (Gen 2) at 45585 and 131.12 MW
  Keeping SWING Bus 2 (Gen 2) at 45885 and 137.15 MW
  Keeping SWING Bus 2 (Gen 2) at 46185 and 139.77 MW
  Keeping SWING Bus 2 (Gen 2) at 46485 and 135.81 MW
  Keeping SWING Bus 2 (Gen 2) at 46785 and 135.26 MW
  Keeping SWING Bus 2 (Gen 2) at 47085 and 143.47 MW
  Keeping SWING Bus 2 (Gen 2) at 47385 and 138.66 MW
  Keeping SWING Bus 2 (Gen 2) at 47685 and 141.32 MW
  Keeping SWING Bus 2 (Gen 2) at 47985 and 140.63 MW
  Keeping SWING Bus 2 (Gen 2) at 48285 and 143.89 MW
  Keeping SWING Bus 2 (Gen 2) at 48585 and 145.08 MW
  Keeping SWING Bus 2 (Gen 2) at 48885 and 137.06 MW
  Keeping SWING Bus 2 (Gen 2) at 49185 and 146.56 MW
  Keeping SWING Bus 2 (Gen 2) at 49485 and 144.68 MW
  Keeping SWING Bus 2 (Gen 2) at 49785 and 143.60 MW
  Keeping SWING Bus 2 (Gen 2) at 50085 and 154.23 MW
  Keeping SWING Bus 2 (Gen 2) at 50385 and 147.19 MW
  Keeping SWING Bus 2 (Gen 2) at 50685 and 146.29 MW
  Keeping SWING Bus 2 (Gen 2) at 50985 and 157.99 MW
  Keeping SWING Bus 2 (Gen 2) at 51285 and 144.64 MW
  Keeping SWING Bus 2 (Gen 2) at 51585 and 156.25 MW
  Keeping SWING Bus 2 (Gen 2) at 51885 and 142.87 MW
  Keeping SWING Bus 2 (Gen 2) at 52185 and 156.84 MW
  Keeping SWING Bus 2 (Gen 2) at 52485 and 152.77 MW
  Keeping SWING Bus 2 (Gen 2) at 52785 and 149.55 MW
  Keeping SWING Bus 2 (Gen 2) at 53085 and 150.51 MW
  Keeping SWING Bus 2 (Gen 2) at 53385 and 149.01 MW
  Keeping SWING Bus 2 (Gen 2) at 53685 and 150.10 MW
  Keeping SWING Bus 2 (Gen 2) at 53985 and 151.91 MW
  Keeping SWING Bus 2 (Gen 2) at 54285 and 154.99 MW
  Keeping SWING Bus 2 (Gen 2) at 54585 and 148.92 MW
  Keeping SWING Bus 2 (Gen 2) at 54885 and 150.70 MW
  Keeping SWING Bus 2 (Gen 2) at 55185 and 152.37 MW
  Keeping SWING Bus 2 (Gen 2) at 55485 and 158.26 MW
  Keeping SWING Bus 2 (Gen 2) at 55785 and 147.29 MW
  Keeping SWING Bus 2 (Gen 2) at 56085 and 152.88 MW
  Keeping SWING Bus 2 (Gen 2) at 56385 and 148.86 MW
  Keeping SWING Bus 2 (Gen 2) at 56685 and 152.77 MW
  Keeping SWING Bus 2 (Gen 2) at 56985 and 149.24 MW
  Keeping SWING Bus 2 (Gen 2) at 57285 and 156.78 MW
  Keeping SWING Bus 2 (Gen 2) at 57585 and 148.26 MW
  Keeping SWING Bus 2 (Gen 2) at 57885 and 155.61 MW
  Keeping SWING Bus 2 (Gen 2) at 58185 and 151.72 MW
  Keeping SWING Bus 2 (Gen 2) at 58485 and 146.62 MW
  Keeping SWING Bus 2 (Gen 2) at 58785 and 146.36 MW
  Keeping SWING Bus 2 (Gen 2) at 59085 and 145.78 MW
  Keeping SWING Bus 2 (Gen 2) at 59385 and 144.60 MW
  Keeping SWING Bus 2 (Gen 2) at 59685 and 145.14 MW
  Keeping SWING Bus 2 (Gen 2) at 59985 and 149.06 MW
  Keeping SWING Bus 2 (Gen 2) at 60285 and 146.54 MW
  Keeping SWING Bus 2 (Gen 2) at 60585 and 149.82 MW
  Keeping SWING Bus 2 (Gen 2) at 60885 and 146.02 MW
  Keeping SWING Bus 2 (Gen 2) at 61185 and 151.08 MW
  Keeping SWING Bus 2 (Gen 2) at 61485 and 153.95 MW
  Keeping SWING Bus 2 (Gen 2) at 61785 and 150.45 MW
  Keeping SWING Bus 2 (Gen 2) at 62085 and 144.01 MW
  Keeping SWING Bus 2 (Gen 2) at 62385 and 137.37 MW
  Keeping SWING Bus 2 (Gen 2) at 62685 and 136.07 MW
  Keeping SWING Bus 2 (Gen 2) at 62985 and 138.06 MW
  Keeping SWING Bus 2 (Gen 2) at 63285 and 141.51 MW
  Keeping SWING Bus 2 (Gen 2) at 63585 and 139.93 MW
  Keeping SWING Bus 2 (Gen 2) at 63885 and 139.04 MW
  Keeping SWING Bus 2 (Gen 2) at 64185 and 134.01 MW
  Keeping SWING Bus 2 (Gen 2) at 64485 and 141.24 MW
  Keeping SWING Bus 2 (Gen 2) at 64785 and 128.27 MW
  Keeping SWING Bus 2 (Gen 2) at 65085 and 134.29 MW
  Keeping SWING Bus 2 (Gen 2) at 65385 and 134.32 MW
  Keeping SWING Bus 2 (Gen 2) at 65685 and 136.26 MW
  Keeping SWING Bus 2 (Gen 2) at 65985 and 136.19 MW
  Keeping SWING Bus 2 (Gen 2) at 66285 and 134.69 MW
  Keeping SWING Bus 2 (Gen 2) at 66585 and 134.35 MW
  Keeping SWING Bus 2 (Gen 2) at 66885 and 132.69 MW
  Keeping SWING Bus 2 (Gen 2) at 67185 and 136.81 MW
  Keeping SWING Bus 2 (Gen 2) at 67485 and 126.10 MW
  Keeping SWING Bus 2 (Gen 2) at 67785 and 134.08 MW
  Keeping SWING Bus 2 (Gen 2) at 68085 and 129.98 MW
  Keeping SWING Bus 2 (Gen 2) at 68385 and 130.52 MW
  Keeping SWING Bus 2 (Gen 2) at 68685 and 130.29 MW
  Keeping SWING Bus 2 (Gen 2) at 68985 and 135.95 MW
  Keeping SWING Bus 2 (Gen 2) at 69285 and 120.24 MW
  Keeping SWING Bus 2 (Gen 2) at 69585 and 126.89 MW
  Keeping SWING Bus 2 (Gen 2) at 69885 and 126.44 MW
  Keeping SWING Bus 2 (Gen 2) at 70185 and 120.61 MW
  Keeping SWING Bus 2 (Gen 2) at 70485 and 120.80 MW
  Keeping SWING Bus 2 (Gen 2) at 70785 and 122.80 MW
  Keeping SWING Bus 2 (Gen 2) at 71085 and 118.22 MW
  Keeping SWING Bus 2 (Gen 2) at 71385 and 125.15 MW
  Keeping SWING Bus 2 (Gen 2) at 71685 and 122.78 MW
  Keeping SWING Bus 2 (Gen 2) at 71985 and 120.56 MW
  Keeping SWING Bus 2 (Gen 2) at 72285 and 122.96 MW
  Keeping SWING Bus 2 (Gen 2) at 72585 and 119.02 MW
  Keeping SWING Bus 2 (Gen 2) at 72885 and 109.22 MW
  Keeping SWING Bus 2 (Gen 2) at 73185 and 115.78 MW
  Keeping SWING Bus 2 (Gen 2) at 73485 and 111.49 MW
  Keeping SWING Bus 2 (Gen 2) at 73785 and 114.76 MW
  Keeping SWING Bus 2 (Gen 2) at 74085 and 116.02 MW
  Keeping SWING Bus 2 (Gen 2) at 74385 and 116.10 MW
  Keeping SWING Bus 2 (Gen 2) at 74685 and 115.98 MW
  Keeping SWING Bus 2 (Gen 2) at 74985 and 106.49 MW
  Keeping SWING Bus 2 (Gen 2) at 75285 and 108.85 MW
  Keeping SWING Bus 2 (Gen 2) at 75585 and 108.65 MW
  Keeping SWING Bus 2 (Gen 2) at 75885 and 105.57 MW
  Keeping SWING Bus 2 (Gen 2) at 76185 and 105.09 MW
  Keeping SWING Bus 2 (Gen 2) at 76485 and 110.34 MW
  Keeping SWING Bus 2 (Gen 2) at 76785 and 109.79 MW
  Keeping SWING Bus 2 (Gen 2) at 77085 and 105.84 MW
  Keeping SWING Bus 2 (Gen 2) at 77385 and 99.71 MW
  Keeping SWING Bus 2 (Gen 2) at 77685 and 104.24 MW
  Keeping SWING Bus 2 (Gen 2) at 77985 and 104.22 MW
  Keeping SWING Bus 2 (Gen 2) at 78285 and 98.44 MW
  Keeping SWING Bus 2 (Gen 2) at 78585 and 100.68 MW
  Keeping SWING Bus 2 (Gen 2) at 78885 and 97.71 MW
  Keeping SWING Bus 2 (Gen 2) at 79185 and 97.06 MW
  Keeping SWING Bus 2 (Gen 2) at 79485 and 100.25 MW
  Keeping SWING Bus 2 (Gen 2) at 79785 and 98.92 MW
  Keeping SWING Bus 2 (Gen 2) at 80085 and 94.75 MW
  Keeping SWING Bus 2 (Gen 2) at 80385 and 88.21 MW
  Keeping SWING Bus 2 (Gen 2) at 80685 and 90.83 MW
  Keeping SWING Bus 2 (Gen 2) at 80985 and 89.80 MW
  Keeping SWING Bus 2 (Gen 2) at 81285 and 92.31 MW
  Keeping SWING Bus 2 (Gen 2) at 81585 and 86.03 MW
  Keeping SWING Bus 2 (Gen 2) at 81885 and 87.84 MW
  Keeping SWING Bus 2 (Gen 2) at 82185 and 85.49 MW
  Keeping SWING Bus 2 (Gen 2) at 82485 and 83.14 MW
  Keeping SWING Bus 2 (Gen 2) at 82785 and 87.16 MW
  Keeping SWING Bus 2 (Gen 2) at 83085 and 77.15 MW
  Keeping SWING Bus 2 (Gen 2) at 83385 and 87.19 MW
  Keeping SWING Bus 2 (Gen 2) at 83685 and 85.10 MW
  Keeping SWING Bus 2 (Gen 2) at 83985 and 84.20 MW
  Keeping SWING Bus 2 (Gen 2) at 84285 and 86.30 MW
  Keeping SWING Bus 2 (Gen 2) at 84585 and 84.82 MW
  Keeping SWING Bus 2 (Gen 2) at 84885 and 85.77 MW
  Keeping SWING Bus 2 (Gen 2) at 85185 and 83.13 MW
  Keeping SWING Bus 2 (Gen 2) at 85485 and 84.33 MW
  Keeping SWING Bus 2 (Gen 2) at 85785 and 85.76 MW
  Keeping SWING Bus 2 (Gen 2) at 86085 and 84.07 MW
  Keeping SWING Bus 2 (Gen 2) at 86385 and 81.76 MW
  Keeping SWING Bus 2 (Gen 2) at 86685 and 77.17 MW
  Keeping SWING Bus 2 (Gen 2) at 86985 and 85.12 MW
  Keeping SWING Bus 2 (Gen 2) at 87285 and 83.29 MW
  Keeping SWING Bus 2 (Gen 2) at 87585 and 84.36 MW
  Keeping SWING Bus 2 (Gen 2) at 87885 and 79.32 MW
  Keeping SWING Bus 2 (Gen 2) at 88185 and 84.28 MW
  Keeping SWING Bus 2 (Gen 2) at 88485 and 82.47 MW
  Keeping SWING Bus 2 (Gen 2) at 88785 and 77.15 MW
  Keeping SWING Bus 2 (Gen 2) at 89085 and 77.43 MW
  Keeping SWING Bus 2 (Gen 2) at 89385 and 80.09 MW
  Keeping SWING Bus 2 (Gen 2) at 89685 and 78.92 MW
  Keeping SWING Bus 2 (Gen 2) at 89985 and 76.52 MW
  Keeping SWING Bus 2 (Gen 2) at 90285 and 73.89 MW
  Keeping SWING Bus 2 (Gen 2) at 90585 and 76.69 MW
  Keeping SWING Bus 2 (Gen 2) at 90885 and 74.92 MW
  Keeping SWING Bus 2 (Gen 2) at 91185 and 75.76 MW
  Keeping SWING Bus 2 (Gen 2) at 91485 and 74.91 MW
  Keeping SWING Bus 2 (Gen 2) at 91785 and 73.95 MW
  Keeping SWING Bus 2 (Gen 2) at 92085 and 74.57 MW
  Keeping SWING Bus 2 (Gen 2) at 92385 and 73.94 MW
  Keeping SWING Bus 2 (Gen 2) at 92685 and 73.04 MW
  Keeping SWING Bus 2 (Gen 2) at 92985 and 75.11 MW
  Keeping SWING Bus 2 (Gen 2) at 93285 and 74.58 MW
  Keeping SWING Bus 2 (Gen 2) at 93585 and 72.72 MW
  Keeping SWING Bus 2 (Gen 2) at 93885 and 71.76 MW
  Keeping SWING Bus 2 (Gen 2) at 94185 and 72.47 MW
  Keeping SWING Bus 2 (Gen 2) at 94485 and 72.46 MW
  Keeping SWING Bus 2 (Gen 2) at 94785 and 72.01 MW
  Keeping SWING Bus 2 (Gen 2) at 95085 and 72.29 MW
  Keeping SWING Bus 2 (Gen 2) at 95385 and 73.53 MW
  Keeping SWING Bus 2 (Gen 2) at 95685 and 71.22 MW
  Keeping SWING Bus 2 (Gen 2) at 95985 and 72.58 MW
  Keeping SWING Bus 2 (Gen 2) at 96285 and 71.67 MW
  Keeping SWING Bus 2 (Gen 2) at 96585 and 71.43 MW
  Keeping SWING Bus 2 (Gen 2) at 96885 and 72.37 MW
  Keeping SWING Bus 2 (Gen 2) at 97185 and 70.66 MW
  Keeping SWING Bus 2 (Gen 2) at 97485 and 72.18 MW
  Keeping SWING Bus 2 (Gen 2) at 97785 and 71.49 MW
  Keeping SWING Bus 2 (Gen 2) at 98085 and 70.99 MW
  Keeping SWING Bus 2 (Gen 2) at 98385 and 71.22 MW
  Keeping SWING Bus 2 (Gen 2) at 98685 and 72.34 MW
  Keeping SWING Bus 2 (Gen 2) at 98985 and 71.32 MW
  Keeping SWING Bus 2 (Gen 2) at 99285 and 71.58 MW
  Keeping SWING Bus 2 (Gen 2) at 99585 and 71.94 MW
  Keeping SWING Bus 2 (Gen 2) at 99885 and 71.36 MW
  Keeping SWING Bus 2 (Gen 2) at 100185 and 71.80 MW
  Keeping SWING Bus 2 (Gen 2) at 100485 and 71.47 MW
  Keeping SWING Bus 2 (Gen 2) at 100785 and 71.61 MW
  Keeping SWING Bus 2 (Gen 2) at 101085 and 71.18 MW
  Keeping SWING Bus 2 (Gen 2) at 101385 and 71.08 MW
  Keeping SWING Bus 2 (Gen 2) at 101685 and 71.54 MW
  Keeping SWING Bus 2 (Gen 2) at 101985 and 71.44 MW
  Keeping SWING Bus 2 (Gen 2) at 102285 and 71.54 MW
  Keeping SWING Bus 2 (Gen 2) at 102585 and 71.48 MW
  Keeping SWING Bus 2 (Gen 2) at 102885 and 71.17 MW
  Keeping SWING Bus 2 (Gen 2) at 103185 and 70.91 MW
  Keeping SWING Bus 2 (Gen 2) at 103485 and 71.41 MW
  Keeping SWING Bus 2 (Gen 2) at 103785 and 70.36 MW
  Keeping SWING Bus 2 (Gen 2) at 104085 and 70.76 MW
  Keeping SWING Bus 2 (Gen 2) at 104385 and 71.97 MW
  Keeping SWING Bus 2 (Gen 2) at 104685 and 72.48 MW
  Keeping SWING Bus 2 (Gen 2) at 104985 and 73.21 MW
  Keeping SWING Bus 2 (Gen 2) at 105285 and 74.38 MW
  Keeping SWING Bus 2 (Gen 2) at 105585 and 73.84 MW
  Keeping SWING Bus 2 (Gen 2) at 105885 and 73.49 MW
  Keeping SWING Bus 2 (Gen 2) at 106185 and 72.95 MW
  Keeping SWING Bus 2 (Gen 2) at 106485 and 74.09 MW
  Keeping SWING Bus 2 (Gen 2) at 106785 and 74.27 MW
  Keeping SWING Bus 2 (Gen 2) at 107085 and 73.85 MW
  Keeping SWING Bus 2 (Gen 2) at 107385 and 75.57 MW
  Keeping SWING Bus 2 (Gen 2) at 107685 and 74.03 MW
  Keeping SWING Bus 2 (Gen 2) at 107985 and 74.54 MW
  Keeping SWING Bus 2 (Gen 2) at 108285 and 111.16 MW
  Keeping SWING Bus 2 (Gen 2) at 108585 and 110.25 MW
  Keeping SWING Bus 2 (Gen 2) at 108885 and 111.64 MW
  Keeping SWING Bus 2 (Gen 2) at 109185 and 110.73 MW
  Keeping SWING Bus 2 (Gen 2) at 109485 and 114.02 MW
  Keeping SWING Bus 2 (Gen 2) at 109785 and 116.12 MW
  Keeping SWING Bus 2 (Gen 2) at 110085 and 113.72 MW
  Keeping SWING Bus 2 (Gen 2) at 110385 and 117.27 MW
  Keeping SWING Bus 2 (Gen 2) at 110685 and 122.92 MW
  Keeping SWING Bus 2 (Gen 2) at 110985 and 117.71 MW
  Keeping SWING Bus 2 (Gen 2) at 111285 and 119.36 MW
  Keeping SWING Bus 2 (Gen 2) at 111585 and 125.59 MW
  Keeping SWING Bus 2 (Gen 2) at 111885 and 124.62 MW
  Keeping SWING Bus 2 (Gen 2) at 112185 and 121.16 MW
  Keeping SWING Bus 2 (Gen 2) at 112485 and 134.25 MW
  Keeping SWING Bus 2 (Gen 2) at 112785 and 136.49 MW
  Keeping SWING Bus 2 (Gen 2) at 113085 and 139.84 MW
  Keeping SWING Bus 2 (Gen 2) at 113385 and 139.59 MW
  Keeping SWING Bus 2 (Gen 2) at 113685 and 138.02 MW
  Keeping SWING Bus 2 (Gen 2) at 113985 and 143.26 MW
  Keeping SWING Bus 2 (Gen 2) at 114285 and 141.91 MW
  Keeping SWING Bus 2 (Gen 2) at 114585 and 144.78 MW
  Keeping SWING Bus 2 (Gen 2) at 114885 and 146.68 MW
  Keeping SWING Bus 2 (Gen 2) at 115185 and 148.99 MW
  Keeping SWING Bus 2 (Gen 2) at 115485 and 149.95 MW
  Keeping SWING Bus 2 (Gen 2) at 115785 and 152.24 MW
  Keeping SWING Bus 2 (Gen 2) at 116085 and 153.21 MW
  Keeping SWING Bus 2 (Gen 2) at 116385 and 158.11 MW
  Keeping SWING Bus 2 (Gen 2) at 116685 and 159.22 MW
  Keeping SWING Bus 2 (Gen 2) at 116985 and 155.35 MW
  Keeping SWING Bus 2 (Gen 2) at 117285 and 162.73 MW
  Keeping SWING Bus 2 (Gen 2) at 117585 and 165.35 MW
  Keeping SWING Bus 2 (Gen 2) at 117885 and 163.77 MW
  Keeping SWING Bus 2 (Gen 2) at 118185 and 166.50 MW
  Keeping SWING Bus 2 (Gen 2) at 118485 and 160.98 MW
  Keeping SWING Bus 2 (Gen 2) at 118785 and 164.47 MW
  Keeping SWING Bus 2 (Gen 2) at 119085 and 175.50 MW
  Keeping SWING Bus 2 (Gen 2) at 119385 and 152.42 MW
  Keeping SWING Bus 2 (Gen 2) at 119685 and 160.91 MW
  Keeping SWING Bus 2 (Gen 2) at 119985 and 158.70 MW
  Keeping SWING Bus 2 (Gen 2) at 120285 and 159.65 MW
  Keeping SWING Bus 2 (Gen 2) at 120585 and 160.50 MW
  Keeping SWING Bus 2 (Gen 2) at 120885 and 161.37 MW
  Keeping SWING Bus 2 (Gen 2) at 121185 and 162.21 MW
  Keeping SWING Bus 2 (Gen 2) at 121485 and 162.98 MW
  Keeping SWING Bus 2 (Gen 2) at 121785 and 162.04 MW
  Keeping SWING Bus 2 (Gen 2) at 122085 and 164.67 MW
  Keeping SWING Bus 2 (Gen 2) at 122385 and 169.13 MW
  Keeping SWING Bus 2 (Gen 2) at 122685 and 166.38 MW
  Switching to SWING Bus 9 (Gen 4) at 122985 and 182.81 MW
  Keeping SWING Bus 2 (Gen 2) at 123285 and 165.19 MW
  Keeping SWING Bus 2 (Gen 2) at 123585 and 177.50 MW
  Keeping SWING Bus 2 (Gen 2) at 123885 and 178.08 MW
  Keeping SWING Bus 2 (Gen 2) at 124185 and 178.77 MW
  Switching to SWING Bus 9 (Gen 4) at 124485 and 180.61 MW
  Switching to SWING Bus 9 (Gen 4) at 124785 and 183.66 MW
  Switching to SWING Bus 9 (Gen 4) at 125085 and 187.28 MW
  Switching to SWING Bus 9 (Gen 4) at 125385 and 187.67 MW
  Switching to SWING Bus 9 (Gen 4) at 125685 and 185.97 MW
  Switching to SWING Bus 9 (Gen 4) at 125985 and 192.00 MW
  Switching to SWING Bus 9 (Gen 4) at 126285 and 192.00 MW
  Switching to SWING Bus 9 (Gen 4) at 126585 and 191.85 MW
  Switching to SWING Bus 9 (Gen 4) at 126885 and 192.00 MW
  Switching to SWING Bus 9 (Gen 4) at 127185 and 191.22 MW
  Switching to SWING Bus 9 (Gen 4) at 127485 and 192.00 MW
  Switching to SWING Bus 9 (Gen 4) at 127785 and 192.00 MW
  Switching to SWING Bus 9 (Gen 4) at 128085 and 192.00 MW
  Switching to SWING Bus 9 (Gen 4) at 128385 and 192.00 MW
  Switching to SWING Bus 9 (Gen 4) at 128685 and 192.00 MW
  Switching to SWING Bus 9 (Gen 4) at 128985 and 192.00 MW
  Switching to SWING Bus 9 (Gen 4) at 129285 and 192.00 MW
  Switching to SWING Bus 9 (Gen 4) at 129585 and 192.00 MW
  Switching to SWING Bus 9 (Gen 4) at 129885 and 192.00 MW
  Switching to SWING Bus 9 (Gen 4) at 130185 and 192.00 MW
  Switching to SWING Bus 9 (Gen 4) at 130485 and 192.00 MW
  Switching to SWING Bus 9 (Gen 4) at 130785 and 192.00 MW
  Switching to SWING Bus 9 (Gen 4) at 131085 and 192.00 MW
  Switching to SWING Bus 9 (Gen 4) at 131385 and 192.00 MW
  Switching to SWING Bus 9 (Gen 4) at 131685 and 192.00 MW
  Switching to SWING Bus 9 (Gen 4) at 131985 and 192.00 MW
  Switching to SWING Bus 9 (Gen 4) at 132285 and 192.00 MW
  Switching to SWING Bus 9 (Gen 4) at 132585 and 192.00 MW
  Switching to SWING Bus 9 (Gen 4) at 132885 and 192.00 MW
  Switching to SWING Bus 9 (Gen 4) at 133185 and 192.00 MW
  Switching to SWING Bus 9 (Gen 4) at 133485 and 192.00 MW
  Switching to SWING Bus 9 (Gen 4) at 133785 and 192.00 MW
  Switching to SWING Bus 9 (Gen 4) at 134085 and 192.00 MW
  Switching to SWING Bus 9 (Gen 4) at 134385 and 192.00 MW
  Switching to SWING Bus 9 (Gen 4) at 134685 and 192.00 MW
  Switching to SWING Bus 9 (Gen 4) at 134985 and 192.00 MW
  Switching to SWING Bus 9 (Gen 4) at 135285 and 192.00 MW
  Switching to SWING Bus 9 (Gen 4) at 135585 and 192.00 MW
  Switching to SWING Bus 9 (Gen 4) at 135885 and 192.00 MW
  Switching to SWING Bus 9 (Gen 4) at 136185 and 192.00 MW
  Switching to SWING Bus 9 (Gen 4) at 136485 and 192.00 MW
  Switching to SWING Bus 9 (Gen 4) at 136785 and 192.00 MW
  Switching to SWING Bus 9 (Gen 4) at 137085 and 192.00 MW
  Switching to SWING Bus 9 (Gen 4) at 137385 and 192.00 MW
  Switching to SWING Bus 9 (Gen 4) at 137685 and 192.00 MW
  Switching to SWING Bus 9 (Gen 4) at 137985 and 192.00 MW
  Switching to SWING Bus 9 (Gen 4) at 138285 and 192.00 MW
  Switching to SWING Bus 9 (Gen 4) at 138585 and 192.00 MW
  Switching to SWING Bus 9 (Gen 4) at 138885 and 192.00 MW
  Switching to SWING Bus 9 (Gen 4) at 139185 and 192.00 MW
  Switching to SWING Bus 9 (Gen 4) at 139485 and 192.00 MW
  Switching to SWING Bus 9 (Gen 4) at 139785 and 192.00 MW
  Switching to SWING Bus 9 (Gen 4) at 140085 and 192.00 MW
  Switching to SWING Bus 9 (Gen 4) at 140385 and 192.00 MW
  Switching to SWING Bus 9 (Gen 4) at 140685 and 192.00 MW
  Switching to SWING Bus 9 (Gen 4) at 140985 and 192.00 MW
  Switching to SWING Bus 9 (Gen 4) at 141285 and 192.00 MW
  Switching to SWING Bus 9 (Gen 4) at 141585 and 192.00 MW
  Switching to SWING Bus 9 (Gen 4) at 141885 and 192.00 MW
  Switching to SWING Bus 9 (Gen 4) at 142185 and 192.00 MW
  Switching to SWING Bus 9 (Gen 4) at 142485 and 192.00 MW
  Switching to SWING Bus 9 (Gen 4) at 142785 and 192.00 MW
  Switching to SWING Bus 9 (Gen 4) at 143085 and 192.00 MW
  Switching to SWING Bus 9 (Gen 4) at 143385 and 192.00 MW
  Switching to SWING Bus 9 (Gen 4) at 143685 and 192.00 MW
  Switching to SWING Bus 9 (Gen 4) at 143985 and 192.00 MW
  Switching to SWING Bus 9 (Gen 4) at 144285 and 192.00 MW
  Switching to SWING Bus 9 (Gen 4) at 144585 and 192.00 MW
  Switching to SWING Bus 9 (Gen 4) at 144885 and 192.00 MW
  Switching to SWING Bus 9 (Gen 4) at 145185 and 192.00 MW
  Switching to SWING Bus 9 (Gen 4) at 145485 and 192.00 MW
  Switching to SWING Bus 9 (Gen 4) at 145785 and 192.00 MW
  Switching to SWING Bus 9 (Gen 4) at 146085 and 192.00 MW
  Switching to SWING Bus 9 (Gen 4) at 146385 and 192.00 MW
  Switching to SWING Bus 9 (Gen 4) at 146685 and 192.00 MW
  Switching to SWING Bus 9 (Gen 4) at 146985 and 192.00 MW
  Switching to SWING Bus 9 (Gen 4) at 147285 and 192.00 MW
  Switching to SWING Bus 9 (Gen 4) at 147585 and 192.00 MW
  Switching to SWING Bus 9 (Gen 4) at 147885 and 192.00 MW
  Switching to SWING Bus 9 (Gen 4) at 148185 and 192.00 MW
  Switching to SWING Bus 9 (Gen 4) at 148485 and 192.00 MW
  Switching to SWING Bus 9 (Gen 4) at 148785 and 192.00 MW
  Switching to SWING Bus 9 (Gen 4) at 149085 and 192.00 MW
  Switching to SWING Bus 9 (Gen 4) at 149385 and 192.00 MW
  Switching to SWING Bus 9 (Gen 4) at 149685 and 192.00 MW
  Switching to SWING Bus 9 (Gen 4) at 149985 and 192.00 MW
  Switching to SWING Bus 9 (Gen 4) at 150285 and 192.00 MW
  Switching to SWING Bus 9 (Gen 4) at 150585 and 192.00 MW
  Switching to SWING Bus 9 (Gen 4) at 150885 and 192.00 MW
  Switching to SWING Bus 9 (Gen 4) at 151185 and 192.00 MW
  Switching to SWING Bus 9 (Gen 4) at 151485 and 192.00 MW
  Switching to SWING Bus 9 (Gen 4) at 151785 and 192.00 MW
  Switching to SWING Bus 9 (Gen 4) at 152085 and 192.00 MW
  Switching to SWING Bus 9 (Gen 4) at 152385 and 192.00 MW
  Switching to SWING Bus 9 (Gen 4) at 152685 and 192.00 MW
  Switching to SWING Bus 9 (Gen 4) at 152985 and 192.00 MW
  Switching to SWING Bus 9 (Gen 4) at 153285 and 192.00 MW
  Switching to SWING Bus 9 (Gen 4) at 153585 and 192.00 MW
  Switching to SWING Bus 9 (Gen 4) at 153885 and 192.00 MW
  Switching to SWING Bus 9 (Gen 4) at 154185 and 192.00 MW
  Switching to SWING Bus 9 (Gen 4) at 154485 and 192.00 MW
  Switching to SWING Bus 9 (Gen 4) at 154785 and 192.00 MW
  Keeping SWING Bus 2 (Gen 2) at 155085 and 131.22 MW
  Keeping SWING Bus 2 (Gen 2) at 155385 and 131.50 MW
  Keeping SWING Bus 2 (Gen 2) at 155685 and 129.57 MW
  Keeping SWING Bus 2 (Gen 2) at 155985 and 131.41 MW
  Keeping SWING Bus 2 (Gen 2) at 156285 and 131.28 MW
  Keeping SWING Bus 2 (Gen 2) at 156585 and 127.97 MW
  Keeping SWING Bus 2 (Gen 2) at 156885 and 129.19 MW
  Keeping SWING Bus 2 (Gen 2) at 157185 and 129.94 MW
  Keeping SWING Bus 2 (Gen 2) at 157485 and 127.53 MW
  Keeping SWING Bus 2 (Gen 2) at 157785 and 128.91 MW
  Keeping SWING Bus 2 (Gen 2) at 158085 and 127.82 MW
  Keeping SWING Bus 2 (Gen 2) at 158385 and 127.20 MW
  Keeping SWING Bus 2 (Gen 2) at 158685 and 125.92 MW
  Keeping SWING Bus 2 (Gen 2) at 158985 and 125.51 MW
  Keeping SWING Bus 2 (Gen 2) at 159285 and 117.54 MW
  Keeping SWING Bus 2 (Gen 2) at 159585 and 118.37 MW
  Keeping SWING Bus 2 (Gen 2) at 159885 and 122.46 MW
  Keeping SWING Bus 2 (Gen 2) at 160185 and 125.22 MW
  Keeping SWING Bus 2 (Gen 2) at 160485 and 122.90 MW
  Keeping SWING Bus 2 (Gen 2) at 160785 and 123.45 MW
  Keeping SWING Bus 2 (Gen 2) at 161085 and 122.04 MW
  Keeping SWING Bus 2 (Gen 2) at 161385 and 118.86 MW
  Keeping SWING Bus 2 (Gen 2) at 161685 and 112.87 MW
  Keeping SWING Bus 2 (Gen 2) at 161985 and 113.16 MW
  Keeping SWING Bus 2 (Gen 2) at 162285 and 117.17 MW
  Keeping SWING Bus 2 (Gen 2) at 162585 and 115.37 MW
  Keeping SWING Bus 2 (Gen 2) at 162885 and 114.79 MW
  Keeping SWING Bus 2 (Gen 2) at 163185 and 114.33 MW
  Keeping SWING Bus 2 (Gen 2) at 163485 and 111.56 MW
  Keeping SWING Bus 2 (Gen 2) at 163785 and 108.52 MW
  Keeping SWING Bus 2 (Gen 2) at 164085 and 108.25 MW
  Keeping SWING Bus 2 (Gen 2) at 164385 and 104.42 MW
  Keeping SWING Bus 2 (Gen 2) at 164685 and 98.65 MW
  Keeping SWING Bus 2 (Gen 2) at 164985 and 99.83 MW
  Keeping SWING Bus 2 (Gen 2) at 165285 and 105.22 MW
  Keeping SWING Bus 2 (Gen 2) at 165585 and 97.32 MW
  Keeping SWING Bus 2 (Gen 2) at 165885 and 100.97 MW
  Keeping SWING Bus 2 (Gen 2) at 166185 and 102.13 MW
  Keeping SWING Bus 2 (Gen 2) at 166485 and 97.18 MW
  Keeping SWING Bus 2 (Gen 2) at 166785 and 95.56 MW
  Keeping SWING Bus 2 (Gen 2) at 167085 and 93.92 MW
  Keeping SWING Bus 2 (Gen 2) at 167385 and 83.97 MW
  Keeping SWING Bus 2 (Gen 2) at 167685 and 86.69 MW
  Keeping SWING Bus 2 (Gen 2) at 167985 and 91.64 MW
  Keeping SWING Bus 2 (Gen 2) at 168285 and 83.81 MW
  Keeping SWING Bus 2 (Gen 2) at 168585 and 84.91 MW
  Keeping SWING Bus 2 (Gen 2) at 168885 and 86.99 MW
  Keeping SWING Bus 2 (Gen 2) at 169185 and 85.40 MW
  Keeping SWING Bus 2 (Gen 2) at 169485 and 83.13 MW
  Keeping SWING Bus 2 (Gen 2) at 169785 and 91.85 MW
  Keeping SWING Bus 2 (Gen 2) at 170085 and 94.57 MW
  Keeping SWING Bus 2 (Gen 2) at 170385 and 87.94 MW
  Keeping SWING Bus 2 (Gen 2) at 170685 and 87.85 MW
  Keeping SWING Bus 2 (Gen 2) at 170985 and 84.13 MW
  Keeping SWING Bus 2 (Gen 2) at 171285 and 83.78 MW
  Keeping SWING Bus 2 (Gen 2) at 171585 and 82.46 MW
  Keeping SWING Bus 2 (Gen 2) at 171885 and 83.48 MW
  Keeping SWING Bus 2 (Gen 2) at 172185 and 80.59 MW
  Keeping SWING Bus 2 (Gen 2) at 172485 and 83.40 MW
  Keeping SWING Bus 2 (Gen 2) at 172785 and 82.52 MW
  Keeping SWING Bus 2 (Gen 2) at 173085 and 78.34 MW
  Keeping SWING Bus 2 (Gen 2) at 173385 and 90.98 MW
  Keeping SWING Bus 2 (Gen 2) at 173685 and 89.65 MW
  Keeping SWING Bus 2 (Gen 2) at 173985 and 89.09 MW
  Keeping SWING Bus 2 (Gen 2) at 174285 and 85.44 MW
  Keeping SWING Bus 2 (Gen 2) at 174585 and 85.94 MW
  Keeping SWING Bus 2 (Gen 2) at 174885 and 83.85 MW
  Keeping SWING Bus 2 (Gen 2) at 175185 and 83.66 MW
  Keeping SWING Bus 2 (Gen 2) at 175485 and 83.69 MW
  Keeping SWING Bus 2 (Gen 2) at 175785 and 77.97 MW
  Keeping SWING Bus 2 (Gen 2) at 176085 and 82.42 MW
  Keeping SWING Bus 2 (Gen 2) at 176385 and 76.63 MW
  Keeping SWING Bus 2 (Gen 2) at 176685 and 75.95 MW
  Keeping SWING Bus 2 (Gen 2) at 176985 and 79.61 MW
  Keeping SWING Bus 2 (Gen 2) at 177285 and 75.17 MW
  Keeping SWING Bus 2 (Gen 2) at 177585 and 74.62 MW
  Keeping SWING Bus 2 (Gen 2) at 177885 and 75.50 MW
  Keeping SWING Bus 2 (Gen 2) at 178185 and 74.12 MW
  Keeping SWING Bus 2 (Gen 2) at 178485 and 74.56 MW
  Keeping SWING Bus 2 (Gen 2) at 178785 and 74.03 MW
  Keeping SWING Bus 2 (Gen 2) at 179085 and 73.97 MW
  Keeping SWING Bus 2 (Gen 2) at 179385 and 74.44 MW
  Keeping SWING Bus 2 (Gen 2) at 179685 and 74.35 MW
  Keeping SWING Bus 2 (Gen 2) at 179985 and 73.01 MW
  Keeping SWING Bus 2 (Gen 2) at 180285 and 71.02 MW
  Keeping SWING Bus 2 (Gen 2) at 180585 and 73.15 MW
  Keeping SWING Bus 2 (Gen 2) at 180885 and 73.13 MW
  Keeping SWING Bus 2 (Gen 2) at 181185 and 71.93 MW
  Keeping SWING Bus 2 (Gen 2) at 181485 and 72.37 MW
  Keeping SWING Bus 2 (Gen 2) at 181785 and 71.23 MW
  Keeping SWING Bus 2 (Gen 2) at 182085 and 71.83 MW
  Keeping SWING Bus 2 (Gen 2) at 182385 and 72.60 MW
  Keeping SWING Bus 2 (Gen 2) at 182685 and 71.98 MW
  Keeping SWING Bus 2 (Gen 2) at 182985 and 72.12 MW
  Keeping SWING Bus 2 (Gen 2) at 183285 and 70.11 MW
  Keeping SWING Bus 2 (Gen 2) at 183585 and 71.54 MW
  Keeping SWING Bus 2 (Gen 2) at 183885 and 71.98 MW
  Keeping SWING Bus 2 (Gen 2) at 184185 and 70.93 MW
  Keeping SWING Bus 2 (Gen 2) at 184485 and 71.60 MW
  Keeping SWING Bus 2 (Gen 2) at 184785 and 71.51 MW
  Keeping SWING Bus 2 (Gen 2) at 185085 and 71.80 MW
  Keeping SWING Bus 2 (Gen 2) at 185385 and 71.25 MW
  Keeping SWING Bus 2 (Gen 2) at 185685 and 71.20 MW
  Keeping SWING Bus 2 (Gen 2) at 185985 and 72.70 MW
  Keeping SWING Bus 2 (Gen 2) at 186285 and 73.01 MW
  Keeping SWING Bus 2 (Gen 2) at 186585 and 71.97 MW
  Keeping SWING Bus 2 (Gen 2) at 186885 and 72.06 MW
  Keeping SWING Bus 2 (Gen 2) at 187185 and 71.76 MW
  Keeping SWING Bus 2 (Gen 2) at 187485 and 71.19 MW
  Keeping SWING Bus 2 (Gen 2) at 187785 and 72.73 MW
  Keeping SWING Bus 2 (Gen 2) at 188085 and 71.71 MW
  Keeping SWING Bus 2 (Gen 2) at 188385 and 72.50 MW
  Keeping SWING Bus 2 (Gen 2) at 188685 and 71.64 MW
  Keeping SWING Bus 2 (Gen 2) at 188985 and 71.15 MW
  Keeping SWING Bus 2 (Gen 2) at 189285 and 71.59 MW
  Keeping SWING Bus 2 (Gen 2) at 189585 and 72.18 MW
  Keeping SWING Bus 2 (Gen 2) at 189885 and 71.35 MW
  Keeping SWING Bus 2 (Gen 2) at 190185 and 71.61 MW
  Keeping SWING Bus 2 (Gen 2) at 190485 and 71.66 MW
  Keeping SWING Bus 2 (Gen 2) at 190785 and 71.49 MW
  Keeping SWING Bus 2 (Gen 2) at 191085 and 71.28 MW
  Keeping SWING Bus 2 (Gen 2) at 191385 and 72.96 MW
  Keeping SWING Bus 2 (Gen 2) at 191685 and 74.36 MW
  Keeping SWING Bus 2 (Gen 2) at 191985 and 72.85 MW
  Keeping SWING Bus 2 (Gen 2) at 192285 and 73.84 MW
  Keeping SWING Bus 2 (Gen 2) at 192585 and 73.21 MW
  Keeping SWING Bus 2 (Gen 2) at 192885 and 73.74 MW
  Keeping SWING Bus 2 (Gen 2) at 193185 and 73.34 MW
  Keeping SWING Bus 2 (Gen 2) at 193485 and 74.68 MW
  Keeping SWING Bus 2 (Gen 2) at 193785 and 74.70 MW
  Keeping SWING Bus 2 (Gen 2) at 194085 and 74.88 MW
  Keeping SWING Bus 2 (Gen 2) at 194385 and 74.47 MW
  Keeping SWING Bus 2 (Gen 2) at 194685 and 74.49 MW
  Keeping SWING Bus 2 (Gen 2) at 194985 and 74.11 MW
  Keeping SWING Bus 2 (Gen 2) at 195285 and 74.70 MW
  Keeping SWING Bus 2 (Gen 2) at 195585 and 74.82 MW
  Keeping SWING Bus 2 (Gen 2) at 195885 and 75.22 MW
  Keeping SWING Bus 2 (Gen 2) at 196185 and 74.70 MW
  Keeping SWING Bus 2 (Gen 2) at 196485 and 75.96 MW
  Keeping SWING Bus 2 (Gen 2) at 196785 and 76.73 MW
  Keeping SWING Bus 2 (Gen 2) at 197085 and 76.24 MW
  Keeping SWING Bus 2 (Gen 2) at 197385 and 76.10 MW
  Keeping SWING Bus 2 (Gen 2) at 197685 and 78.82 MW
  Keeping SWING Bus 2 (Gen 2) at 197985 and 77.00 MW
  Keeping SWING Bus 2 (Gen 2) at 198285 and 78.00 MW
  Keeping SWING Bus 2 (Gen 2) at 198585 and 76.93 MW
  Keeping SWING Bus 2 (Gen 2) at 198885 and 84.77 MW
  Keeping SWING Bus 2 (Gen 2) at 199185 and 86.14 MW
  Keeping SWING Bus 2 (Gen 2) at 199485 and 88.05 MW
  Keeping SWING Bus 2 (Gen 2) at 199785 and 87.99 MW
  Keeping SWING Bus 2 (Gen 2) at 200085 and 86.98 MW
  Keeping SWING Bus 2 (Gen 2) at 200385 and 90.03 MW
  Keeping SWING Bus 2 (Gen 2) at 200685 and 89.28 MW
  Keeping SWING Bus 2 (Gen 2) at 200985 and 90.94 MW
  Keeping SWING Bus 2 (Gen 2) at 201285 and 92.06 MW
  Keeping SWING Bus 2 (Gen 2) at 201585 and 93.38 MW
  Keeping SWING Bus 2 (Gen 2) at 201885 and 93.16 MW
  Keeping SWING Bus 2 (Gen 2) at 202185 and 95.18 MW
  Keeping SWING Bus 2 (Gen 2) at 202485 and 96.59 MW
  Keeping SWING Bus 2 (Gen 2) at 202785 and 98.80 MW
  Keeping SWING Bus 2 (Gen 2) at 203085 and 97.65 MW
  Keeping SWING Bus 2 (Gen 2) at 203385 and 98.51 MW
  Keeping SWING Bus 2 (Gen 2) at 203685 and 99.70 MW
  Keeping SWING Bus 2 (Gen 2) at 203985 and 101.10 MW
  Keeping SWING Bus 2 (Gen 2) at 204285 and 104.59 MW
  Keeping SWING Bus 2 (Gen 2) at 204585 and 99.87 MW
  Keeping SWING Bus 2 (Gen 2) at 204885 and 102.45 MW
  Keeping SWING Bus 2 (Gen 2) at 205185 and 102.70 MW
  Keeping SWING Bus 2 (Gen 2) at 205485 and 107.94 MW
  Keeping SWING Bus 2 (Gen 2) at 205785 and 95.25 MW
  Keeping SWING Bus 2 (Gen 2) at 206085 and 100.23 MW
  Keeping SWING Bus 2 (Gen 2) at 206385 and 99.04 MW
  Keeping SWING Bus 2 (Gen 2) at 206685 and 99.38 MW
  Keeping SWING Bus 2 (Gen 2) at 206985 and 99.94 MW
  Keeping SWING Bus 2 (Gen 2) at 207285 and 100.47 MW
  Keeping SWING Bus 2 (Gen 2) at 207585 and 101.23 MW
  Keeping SWING Bus 2 (Gen 2) at 207885 and 101.49 MW
  Keeping SWING Bus 2 (Gen 2) at 208185 and 100.75 MW
  Keeping SWING Bus 2 (Gen 2) at 208485 and 102.24 MW
  Keeping SWING Bus 2 (Gen 2) at 208785 and 103.20 MW
  Keeping SWING Bus 2 (Gen 2) at 209085 and 103.78 MW
  Keeping SWING Bus 2 (Gen 2) at 209385 and 109.20 MW
  Keeping SWING Bus 2 (Gen 2) at 209685 and 105.19 MW
  Keeping SWING Bus 2 (Gen 2) at 209985 and 110.00 MW
  Keeping SWING Bus 2 (Gen 2) at 210285 and 107.44 MW
  Keeping SWING Bus 2 (Gen 2) at 210585 and 111.52 MW
  Keeping SWING Bus 2 (Gen 2) at 210885 and 111.10 MW
  Keeping SWING Bus 2 (Gen 2) at 211185 and 112.79 MW
  Keeping SWING Bus 2 (Gen 2) at 211485 and 114.07 MW
  Keeping SWING Bus 2 (Gen 2) at 211785 and 115.92 MW
  Keeping SWING Bus 2 (Gen 2) at 212085 and 116.21 MW
  Keeping SWING Bus 2 (Gen 2) at 212385 and 120.32 MW
  Keeping SWING Bus 2 (Gen 2) at 212685 and 122.04 MW
  Keeping SWING Bus 2 (Gen 2) at 212985 and 119.24 MW
  Keeping SWING Bus 2 (Gen 2) at 213285 and 122.71 MW
  Keeping SWING Bus 2 (Gen 2) at 213585 and 120.13 MW
  Keeping SWING Bus 2 (Gen 2) at 213885 and 125.61 MW
  Keeping SWING Bus 2 (Gen 2) at 214185 and 126.12 MW
  Keeping SWING Bus 2 (Gen 2) at 214485 and 128.51 MW
  Keeping SWING Bus 2 (Gen 2) at 214785 and 126.58 MW
  Keeping SWING Bus 2 (Gen 2) at 215085 and 128.86 MW
  Keeping SWING Bus 2 (Gen 2) at 215385 and 133.33 MW
  Keeping SWING Bus 2 (Gen 2) at 215685 and 124.40 MW
  Keeping SWING Bus 2 (Gen 2) at 215985 and 136.72 MW
  Keeping SWING Bus 2 (Gen 2) at 216285 and 131.08 MW
  Keeping SWING Bus 2 (Gen 2) at 216585 and 134.32 MW
  Keeping SWING Bus 2 (Gen 2) at 216885 and 136.18 MW
  Keeping SWING Bus 2 (Gen 2) at 217185 and 131.94 MW
  Keeping SWING Bus 2 (Gen 2) at 217485 and 137.48 MW
  Keeping SWING Bus 2 (Gen 2) at 217785 and 133.88 MW
  Keeping SWING Bus 2 (Gen 2) at 218085 and 136.48 MW
  Keeping SWING Bus 2 (Gen 2) at 218385 and 136.42 MW
  Keeping SWING Bus 2 (Gen 2) at 218685 and 138.73 MW
  Keeping SWING Bus 2 (Gen 2) at 218985 and 140.51 MW
  Keeping SWING Bus 2 (Gen 2) at 219285 and 138.88 MW
  Keeping SWING Bus 2 (Gen 2) at 219585 and 138.57 MW
  Keeping SWING Bus 2 (Gen 2) at 219885 and 145.81 MW
  Keeping SWING Bus 2 (Gen 2) at 220185 and 141.90 MW
  Keeping SWING Bus 2 (Gen 2) at 220485 and 142.23 MW
  Keeping SWING Bus 2 (Gen 2) at 220785 and 143.71 MW
  Keeping SWING Bus 2 (Gen 2) at 221085 and 147.94 MW
  Keeping SWING Bus 2 (Gen 2) at 221385 and 147.74 MW
  Keeping SWING Bus 2 (Gen 2) at 221685 and 141.26 MW
  Keeping SWING Bus 2 (Gen 2) at 221985 and 147.91 MW
  Keeping SWING Bus 2 (Gen 2) at 222285 and 150.67 MW
  Keeping SWING Bus 2 (Gen 2) at 222585 and 149.27 MW
  Keeping SWING Bus 2 (Gen 2) at 222885 and 155.94 MW
  Keeping SWING Bus 2 (Gen 2) at 223185 and 150.97 MW
  Keeping SWING Bus 2 (Gen 2) at 223485 and 152.75 MW
  Keeping SWING Bus 2 (Gen 2) at 223785 and 163.56 MW
  Keeping SWING Bus 2 (Gen 2) at 224085 and 148.86 MW
  Keeping SWING Bus 2 (Gen 2) at 224385 and 162.48 MW
  Keeping SWING Bus 2 (Gen 2) at 224685 and 151.02 MW
  Keeping SWING Bus 2 (Gen 2) at 224985 and 162.56 MW
  Keeping SWING Bus 2 (Gen 2) at 225285 and 160.75 MW
  Keeping SWING Bus 2 (Gen 2) at 225585 and 153.91 MW
  Keeping SWING Bus 2 (Gen 2) at 225885 and 155.04 MW
  Keeping SWING Bus 2 (Gen 2) at 226185 and 156.41 MW
  Keeping SWING Bus 2 (Gen 2) at 226485 and 155.35 MW
  Keeping SWING Bus 2 (Gen 2) at 226785 and 154.87 MW
  Keeping SWING Bus 2 (Gen 2) at 227085 and 160.58 MW
  Keeping SWING Bus 2 (Gen 2) at 227385 and 155.05 MW
  Keeping SWING Bus 2 (Gen 2) at 227685 and 154.53 MW
  Keeping SWING Bus 2 (Gen 2) at 227985 and 159.03 MW
  Keeping SWING Bus 2 (Gen 2) at 228285 and 163.21 MW
  Keeping SWING Bus 2 (Gen 2) at 228585 and 150.96 MW
  Keeping SWING Bus 2 (Gen 2) at 228885 and 158.35 MW
  Keeping SWING Bus 2 (Gen 2) at 229185 and 154.94 MW
  Keeping SWING Bus 2 (Gen 2) at 229485 and 156.37 MW
  Keeping SWING Bus 2 (Gen 2) at 229785 and 154.02 MW
  Keeping SWING Bus 2 (Gen 2) at 230085 and 160.20 MW
  Keeping SWING Bus 2 (Gen 2) at 230385 and 151.18 MW
  Keeping SWING Bus 2 (Gen 2) at 230685 and 155.36 MW
  Keeping SWING Bus 2 (Gen 2) at 230985 and 155.98 MW
  Keeping SWING Bus 2 (Gen 2) at 231285 and 152.52 MW
  Keeping SWING Bus 2 (Gen 2) at 231585 and 152.16 MW
  Keeping SWING Bus 2 (Gen 2) at 231885 and 150.31 MW
  Keeping SWING Bus 2 (Gen 2) at 232185 and 150.48 MW
  Keeping SWING Bus 2 (Gen 2) at 232485 and 147.48 MW
  Keeping SWING Bus 2 (Gen 2) at 232785 and 151.16 MW
  Keeping SWING Bus 2 (Gen 2) at 233085 and 155.72 MW
  Keeping SWING Bus 2 (Gen 2) at 233385 and 156.64 MW
  Keeping SWING Bus 2 (Gen 2) at 233685 and 150.73 MW
  Keeping SWING Bus 2 (Gen 2) at 233985 and 151.00 MW
  Keeping SWING Bus 2 (Gen 2) at 234285 and 160.12 MW
  Keeping SWING Bus 2 (Gen 2) at 234585 and 158.05 MW
  Keeping SWING Bus 2 (Gen 2) at 234885 and 146.91 MW
  Keeping SWING Bus 2 (Gen 2) at 235185 and 145.34 MW
  Keeping SWING Bus 2 (Gen 2) at 235485 and 138.68 MW
  Keeping SWING Bus 2 (Gen 2) at 235785 and 136.65 MW
  Keeping SWING Bus 2 (Gen 2) at 236085 and 144.44 MW
  Keeping SWING Bus 2 (Gen 2) at 236385 and 143.40 MW
  Keeping SWING Bus 2 (Gen 2) at 236685 and 141.18 MW
  Keeping SWING Bus 2 (Gen 2) at 236985 and 134.28 MW
  Keeping SWING Bus 2 (Gen 2) at 237285 and 136.79 MW
  Keeping SWING Bus 2 (Gen 2) at 237585 and 135.18 MW
  Keeping SWING Bus 2 (Gen 2) at 237885 and 137.91 MW
  Keeping SWING Bus 2 (Gen 2) at 238185 and 137.22 MW
  Keeping SWING Bus 2 (Gen 2) at 238485 and 141.19 MW
  Keeping SWING Bus 2 (Gen 2) at 238785 and 141.68 MW
  Keeping SWING Bus 2 (Gen 2) at 239085 and 143.04 MW
  Keeping SWING Bus 2 (Gen 2) at 239385 and 138.48 MW
  Keeping SWING Bus 2 (Gen 2) at 239685 and 139.05 MW
  Keeping SWING Bus 2 (Gen 2) at 239985 and 141.42 MW
  Keeping SWING Bus 2 (Gen 2) at 240285 and 135.64 MW
  Keeping SWING Bus 2 (Gen 2) at 240585 and 138.06 MW
  Keeping SWING Bus 2 (Gen 2) at 240885 and 136.83 MW
  Keeping SWING Bus 2 (Gen 2) at 241185 and 133.10 MW
  Keeping SWING Bus 2 (Gen 2) at 241485 and 136.30 MW
  Keeping SWING Bus 2 (Gen 2) at 241785 and 141.39 MW
  Keeping SWING Bus 2 (Gen 2) at 242085 and 131.54 MW
  Keeping SWING Bus 2 (Gen 2) at 242385 and 133.66 MW
  Keeping SWING Bus 2 (Gen 2) at 242685 and 132.64 MW
  Keeping SWING Bus 2 (Gen 2) at 242985 and 129.31 MW
  Keeping SWING Bus 2 (Gen 2) at 243285 and 128.24 MW
  Keeping SWING Bus 2 (Gen 2) at 243585 and 127.04 MW
  Keeping SWING Bus 2 (Gen 2) at 243885 and 123.84 MW
  Keeping SWING Bus 2 (Gen 2) at 244185 and 128.63 MW
  Keeping SWING Bus 2 (Gen 2) at 244485 and 123.25 MW
  Keeping SWING Bus 2 (Gen 2) at 244785 and 123.56 MW
  Keeping SWING Bus 2 (Gen 2) at 245085 and 123.56 MW
  Keeping SWING Bus 2 (Gen 2) at 245385 and 119.59 MW
  Keeping SWING Bus 2 (Gen 2) at 245685 and 108.05 MW
  Keeping SWING Bus 2 (Gen 2) at 245985 and 111.46 MW
  Keeping SWING Bus 2 (Gen 2) at 246285 and 117.38 MW
  Keeping SWING Bus 2 (Gen 2) at 246585 and 117.24 MW
  Keeping SWING Bus 2 (Gen 2) at 246885 and 109.03 MW
  Keeping SWING Bus 2 (Gen 2) at 247185 and 115.58 MW
  Keeping SWING Bus 2 (Gen 2) at 247485 and 116.01 MW
  Keeping SWING Bus 2 (Gen 2) at 247785 and 110.64 MW
  Keeping SWING Bus 2 (Gen 2) at 248085 and 103.26 MW
  Keeping SWING Bus 2 (Gen 2) at 248385 and 106.68 MW
  Keeping SWING Bus 2 (Gen 2) at 248685 and 101.55 MW
  Keeping SWING Bus 2 (Gen 2) at 248985 and 107.22 MW
  Keeping SWING Bus 2 (Gen 2) at 249285 and 111.12 MW
  Keeping SWING Bus 2 (Gen 2) at 249585 and 103.60 MW
  Keeping SWING Bus 2 (Gen 2) at 249885 and 103.57 MW
  Keeping SWING Bus 2 (Gen 2) at 250185 and 108.31 MW
  Keeping SWING Bus 2 (Gen 2) at 250485 and 103.03 MW
  Keeping SWING Bus 2 (Gen 2) at 250785 and 100.68 MW
  Keeping SWING Bus 2 (Gen 2) at 251085 and 101.32 MW
  Keeping SWING Bus 2 (Gen 2) at 251385 and 93.67 MW
  Keeping SWING Bus 2 (Gen 2) at 251685 and 96.03 MW
  Keeping SWING Bus 2 (Gen 2) at 251985 and 99.83 MW
  Keeping SWING Bus 2 (Gen 2) at 252285 and 91.60 MW
  Keeping SWING Bus 2 (Gen 2) at 252585 and 95.63 MW
  Keeping SWING Bus 2 (Gen 2) at 252885 and 96.79 MW
  Keeping SWING Bus 2 (Gen 2) at 253185 and 92.12 MW
  Keeping SWING Bus 2 (Gen 2) at 253485 and 95.90 MW
  Keeping SWING Bus 2 (Gen 2) at 253785 and 90.62 MW
  Keeping SWING Bus 2 (Gen 2) at 254085 and 82.51 MW
  Keeping SWING Bus 2 (Gen 2) at 254385 and 87.97 MW
  Keeping SWING Bus 2 (Gen 2) at 254685 and 89.15 MW
  Keeping SWING Bus 2 (Gen 2) at 254985 and 81.51 MW
  Keeping SWING Bus 2 (Gen 2) at 255285 and 84.84 MW
  Keeping SWING Bus 2 (Gen 2) at 255585 and 86.33 MW
  Keeping SWING Bus 2 (Gen 2) at 255885 and 83.79 MW
  Keeping SWING Bus 2 (Gen 2) at 256185 and 92.45 MW
  Keeping SWING Bus 2 (Gen 2) at 256485 and 92.86 MW
  Keeping SWING Bus 2 (Gen 2) at 256785 and 88.84 MW
  Keeping SWING Bus 2 (Gen 2) at 257085 and 91.24 MW
  Keeping SWING Bus 2 (Gen 2) at 257385 and 87.68 MW
  Keeping SWING Bus 2 (Gen 2) at 257685 and 85.78 MW
  Keeping SWING Bus 2 (Gen 2) at 257985 and 83.29 MW
  Keeping SWING Bus 2 (Gen 2) at 258285 and 88.77 MW
  Keeping SWING Bus 2 (Gen 2) at 258585 and 81.73 MW
  Keeping SWING Bus 2 (Gen 2) at 258885 and 79.43 MW
  Keeping SWING Bus 2 (Gen 2) at 259185 and 86.10 MW
  Keeping SWING Bus 2 (Gen 2) at 259485 and 85.24 MW
  Keeping SWING Bus 2 (Gen 2) at 259785 and 89.05 MW
  Keeping SWING Bus 2 (Gen 2) at 260085 and 91.83 MW
  Keeping SWING Bus 2 (Gen 2) at 260385 and 90.75 MW
  Keeping SWING Bus 2 (Gen 2) at 260685 and 88.97 MW
  Keeping SWING Bus 2 (Gen 2) at 260985 and 83.39 MW
  Keeping SWING Bus 2 (Gen 2) at 261285 and 81.24 MW
  Keeping SWING Bus 2 (Gen 2) at 261585 and 86.68 MW
  Keeping SWING Bus 2 (Gen 2) at 261885 and 79.40 MW
  Keeping SWING Bus 2 (Gen 2) at 262185 and 81.17 MW
  Keeping SWING Bus 2 (Gen 2) at 262485 and 83.82 MW
  Keeping SWING Bus 2 (Gen 2) at 262785 and 76.78 MW
  Keeping SWING Bus 2 (Gen 2) at 263085 and 79.01 MW
  Keeping SWING Bus 2 (Gen 2) at 263385 and 80.55 MW
  Keeping SWING Bus 2 (Gen 2) at 263685 and 78.61 MW
  Keeping SWING Bus 2 (Gen 2) at 263985 and 74.61 MW
  Keeping SWING Bus 2 (Gen 2) at 264285 and 78.57 MW
  Keeping SWING Bus 2 (Gen 2) at 264585 and 76.22 MW
  Keeping SWING Bus 2 (Gen 2) at 264885 and 76.00 MW
  Keeping SWING Bus 2 (Gen 2) at 265185 and 74.18 MW
  Keeping SWING Bus 2 (Gen 2) at 265485 and 73.62 MW
  Keeping SWING Bus 2 (Gen 2) at 265785 and 75.81 MW
  Keeping SWING Bus 2 (Gen 2) at 266085 and 75.57 MW
  Keeping SWING Bus 2 (Gen 2) at 266385 and 73.15 MW
  Keeping SWING Bus 2 (Gen 2) at 266685 and 74.25 MW
  Keeping SWING Bus 2 (Gen 2) at 266985 and 73.94 MW
  Keeping SWING Bus 2 (Gen 2) at 267285 and 72.49 MW
  Keeping SWING Bus 2 (Gen 2) at 267585 and 74.88 MW
  Keeping SWING Bus 2 (Gen 2) at 267885 and 73.54 MW
  Keeping SWING Bus 2 (Gen 2) at 268185 and 72.87 MW
  Keeping SWING Bus 2 (Gen 2) at 268485 and 73.96 MW
  Keeping SWING Bus 2 (Gen 2) at 268785 and 73.59 MW
  Keeping SWING Bus 2 (Gen 2) at 269085 and 72.30 MW
  Keeping SWING Bus 2 (Gen 2) at 269385 and 72.82 MW
  Keeping SWING Bus 2 (Gen 2) at 269685 and 74.02 MW
  Keeping SWING Bus 2 (Gen 2) at 269985 and 72.76 MW
  Keeping SWING Bus 2 (Gen 2) at 270285 and 72.54 MW
  Keeping SWING Bus 2 (Gen 2) at 270585 and 73.29 MW
  Keeping SWING Bus 2 (Gen 2) at 270885 and 73.94 MW
  Keeping SWING Bus 2 (Gen 2) at 271185 and 73.00 MW
  Keeping SWING Bus 2 (Gen 2) at 271485 and 71.62 MW
  Keeping SWING Bus 2 (Gen 2) at 271785 and 71.75 MW
  Keeping SWING Bus 2 (Gen 2) at 272085 and 71.11 MW
  Keeping SWING Bus 2 (Gen 2) at 272385 and 75.42 MW
  Keeping SWING Bus 2 (Gen 2) at 272685 and 72.78 MW
  Keeping SWING Bus 2 (Gen 2) at 272985 and 72.47 MW
  Keeping SWING Bus 2 (Gen 2) at 273285 and 71.48 MW
  Keeping SWING Bus 2 (Gen 2) at 273585 and 72.16 MW
  Keeping SWING Bus 2 (Gen 2) at 273885 and 71.92 MW
  Keeping SWING Bus 2 (Gen 2) at 274185 and 71.99 MW
  Keeping SWING Bus 2 (Gen 2) at 274485 and 72.75 MW
  Keeping SWING Bus 2 (Gen 2) at 274785 and 72.17 MW
  Keeping SWING Bus 2 (Gen 2) at 275085 and 71.99 MW
  Keeping SWING Bus 2 (Gen 2) at 275385 and 71.30 MW
  Keeping SWING Bus 2 (Gen 2) at 275685 and 72.54 MW
  Keeping SWING Bus 2 (Gen 2) at 275985 and 72.64 MW
  Keeping SWING Bus 2 (Gen 2) at 276285 and 71.36 MW
  Keeping SWING Bus 2 (Gen 2) at 276585 and 72.94 MW
  Keeping SWING Bus 2 (Gen 2) at 276885 and 72.85 MW
  Keeping SWING Bus 2 (Gen 2) at 277185 and 71.15 MW
  Keeping SWING Bus 2 (Gen 2) at 277485 and 71.50 MW
  Keeping SWING Bus 2 (Gen 2) at 277785 and 73.87 MW
  Keeping SWING Bus 2 (Gen 2) at 278085 and 73.12 MW
  Keeping SWING Bus 2 (Gen 2) at 278385 and 72.66 MW
  Keeping SWING Bus 2 (Gen 2) at 278685 and 72.31 MW
  Keeping SWING Bus 2 (Gen 2) at 278985 and 73.95 MW
  Keeping SWING Bus 2 (Gen 2) at 279285 and 72.89 MW
  Keeping SWING Bus 2 (Gen 2) at 279585 and 74.23 MW
  Keeping SWING Bus 2 (Gen 2) at 279885 and 73.75 MW
  Keeping SWING Bus 2 (Gen 2) at 280185 and 73.79 MW
  Keeping SWING Bus 2 (Gen 2) at 280485 and 72.86 MW
  Keeping SWING Bus 2 (Gen 2) at 280785 and 73.94 MW
  Keeping SWING Bus 2 (Gen 2) at 281085 and 107.67 MW
  Keeping SWING Bus 2 (Gen 2) at 281385 and 103.74 MW
  Keeping SWING Bus 2 (Gen 2) at 281685 and 102.47 MW
  Keeping SWING Bus 2 (Gen 2) at 281985 and 101.89 MW
  Keeping SWING Bus 2 (Gen 2) at 282285 and 104.19 MW
  Keeping SWING Bus 2 (Gen 2) at 282585 and 102.71 MW
  Keeping SWING Bus 2 (Gen 2) at 282885 and 103.30 MW
  Keeping SWING Bus 2 (Gen 2) at 283185 and 105.15 MW
  Keeping SWING Bus 2 (Gen 2) at 283485 and 112.91 MW
  Keeping SWING Bus 2 (Gen 2) at 283785 and 108.77 MW
  Keeping SWING Bus 2 (Gen 2) at 284085 and 108.32 MW
  Keeping SWING Bus 2 (Gen 2) at 284385 and 106.91 MW
  Keeping SWING Bus 2 (Gen 2) at 284685 and 112.35 MW
  Keeping SWING Bus 2 (Gen 2) at 284985 and 109.62 MW
  Keeping SWING Bus 2 (Gen 2) at 285285 and 109.27 MW
  Keeping SWING Bus 2 (Gen 2) at 285585 and 110.57 MW
  Keeping SWING Bus 2 (Gen 2) at 285885 and 113.54 MW
  Keeping SWING Bus 2 (Gen 2) at 286185 and 112.88 MW
  Keeping SWING Bus 2 (Gen 2) at 286485 and 110.89 MW
  Keeping SWING Bus 2 (Gen 2) at 286785 and 114.31 MW
  Keeping SWING Bus 2 (Gen 2) at 287085 and 114.36 MW
  Keeping SWING Bus 2 (Gen 2) at 287385 and 118.25 MW
  Keeping SWING Bus 2 (Gen 2) at 287685 and 117.01 MW
  Keeping SWING Bus 2 (Gen 2) at 287985 and 118.90 MW
  Keeping SWING Bus 2 (Gen 2) at 288285 and 121.11 MW
  Keeping SWING Bus 2 (Gen 2) at 288585 and 120.34 MW
  Keeping SWING Bus 2 (Gen 2) at 288885 and 121.53 MW
  Keeping SWING Bus 2 (Gen 2) at 289185 and 123.19 MW
  Keeping SWING Bus 2 (Gen 2) at 289485 and 122.88 MW
  Keeping SWING Bus 2 (Gen 2) at 289785 and 119.74 MW
  Keeping SWING Bus 2 (Gen 2) at 290085 and 130.35 MW
  Keeping SWING Bus 2 (Gen 2) at 290385 and 126.49 MW
  Keeping SWING Bus 2 (Gen 2) at 290685 and 128.44 MW
  Keeping SWING Bus 2 (Gen 2) at 290985 and 127.78 MW
  Keeping SWING Bus 2 (Gen 2) at 291285 and 129.04 MW
  Keeping SWING Bus 2 (Gen 2) at 291585 and 136.60 MW
  Keeping SWING Bus 2 (Gen 2) at 291885 and 129.15 MW
  Keeping SWING Bus 2 (Gen 2) at 292185 and 125.56 MW
  Keeping SWING Bus 2 (Gen 2) at 292485 and 134.77 MW
  Keeping SWING Bus 2 (Gen 2) at 292785 and 131.41 MW
  Keeping SWING Bus 2 (Gen 2) at 293085 and 128.87 MW
  Keeping SWING Bus 2 (Gen 2) at 293385 and 129.45 MW
  Keeping SWING Bus 2 (Gen 2) at 293685 and 130.20 MW
  Keeping SWING Bus 2 (Gen 2) at 293985 and 127.44 MW
  Keeping SWING Bus 2 (Gen 2) at 294285 and 130.18 MW
  Keeping SWING Bus 2 (Gen 2) at 294585 and 130.19 MW
  Keeping SWING Bus 2 (Gen 2) at 294885 and 133.05 MW
  Keeping SWING Bus 2 (Gen 2) at 295185 and 134.13 MW
  Keeping SWING Bus 2 (Gen 2) at 295485 and 136.64 MW
  Keeping SWING Bus 2 (Gen 2) at 295785 and 143.68 MW
  Keeping SWING Bus 2 (Gen 2) at 296085 and 136.78 MW
  Keeping SWING Bus 2 (Gen 2) at 296385 and 145.89 MW
  Keeping SWING Bus 2 (Gen 2) at 296685 and 142.26 MW
  Keeping SWING Bus 2 (Gen 2) at 296985 and 148.79 MW
  Keeping SWING Bus 2 (Gen 2) at 297285 and 146.83 MW
  Keeping SWING Bus 2 (Gen 2) at 297585 and 149.34 MW
  Keeping SWING Bus 2 (Gen 2) at 297885 and 150.92 MW
  Keeping SWING Bus 2 (Gen 2) at 298185 and 148.89 MW
  Keeping SWING Bus 2 (Gen 2) at 298485 and 154.18 MW
  Keeping SWING Bus 2 (Gen 2) at 298785 and 160.12 MW
  Keeping SWING Bus 2 (Gen 2) at 299085 and 163.73 MW
  Keeping SWING Bus 2 (Gen 2) at 299385 and 163.80 MW
  Keeping SWING Bus 2 (Gen 2) at 299685 and 167.97 MW
  Keeping SWING Bus 2 (Gen 2) at 299985 and 162.32 MW
  Keeping SWING Bus 2 (Gen 2) at 300285 and 175.85 MW
  Keeping SWING Bus 2 (Gen 2) at 300585 and 171.48 MW
  Keeping SWING Bus 2 (Gen 2) at 300885 and 175.78 MW
  Keeping SWING Bus 2 (Gen 2) at 301185 and 172.53 MW
  Keeping SWING Bus 2 (Gen 2) at 301485 and 179.92 MW
  Switching to SWING Bus 9 (Gen 4) at 301785 and 191.65 MW
  Keeping SWING Bus 2 (Gen 2) at 302085 and 172.28 MW
  Switching to SWING Bus 9 (Gen 4) at 302385 and 192.00 MW
  Switching to SWING Bus 9 (Gen 4) at 302685 and 191.90 MW
  Switching to SWING Bus 9 (Gen 4) at 302985 and 192.00 MW
  Switching to SWING Bus 9 (Gen 4) at 303285 and 192.00 MW
  Switching to SWING Bus 9 (Gen 4) at 303585 and 187.00 MW
  Switching to SWING Bus 9 (Gen 4) at 303885 and 192.00 MW
  Switching to SWING Bus 9 (Gen 4) at 304185 and 187.91 MW
  Switching to SWING Bus 9 (Gen 4) at 304485 and 192.00 MW
  Switching to SWING Bus 9 (Gen 4) at 304785 and 192.00 MW
  Switching to SWING Bus 9 (Gen 4) at 305085 and 192.00 MW
  Switching to SWING Bus 9 (Gen 4) at 305385 and 192.00 MW
  Switching to SWING Bus 9 (Gen 4) at 305685 and 192.00 MW
  Switching to SWING Bus 9 (Gen 4) at 305985 and 192.00 MW
  Switching to SWING Bus 9 (Gen 4) at 306285 and 192.00 MW
  Switching to SWING Bus 9 (Gen 4) at 306585 and 192.00 MW
  Switching to SWING Bus 9 (Gen 4) at 306885 and 192.00 MW
  Switching to SWING Bus 9 (Gen 4) at 307185 and 192.00 MW
  Switching to SWING Bus 9 (Gen 4) at 307485 and 192.00 MW
  Switching to SWING Bus 9 (Gen 4) at 307785 and 192.00 MW
  Switching to SWING Bus 9 (Gen 4) at 308085 and 192.00 MW
  Switching to SWING Bus 9 (Gen 4) at 308385 and 192.00 MW
  Switching to SWING Bus 9 (Gen 4) at 308685 and 192.00 MW
  Switching to SWING Bus 9 (Gen 4) at 308985 and 192.00 MW
  Switching to SWING Bus 9 (Gen 4) at 309285 and 192.00 MW
  Switching to SWING Bus 9 (Gen 4) at 309585 and 192.00 MW
  Switching to SWING Bus 9 (Gen 4) at 309885 and 192.00 MW
  Switching to SWING Bus 9 (Gen 4) at 310185 and 192.00 MW
  Switching to SWING Bus 9 (Gen 4) at 310485 and 192.00 MW
  Switching to SWING Bus 9 (Gen 4) at 310785 and 192.00 MW
  Switching to SWING Bus 9 (Gen 4) at 311085 and 192.00 MW
  Switching to SWING Bus 9 (Gen 4) at 311385 and 192.00 MW
  Switching to SWING Bus 9 (Gen 4) at 311685 and 192.00 MW
  Switching to SWING Bus 9 (Gen 4) at 311985 and 192.00 MW
  Switching to SWING Bus 9 (Gen 4) at 312285 and 192.00 MW
  Switching to SWING Bus 9 (Gen 4) at 312585 and 192.00 MW
  Switching to SWING Bus 9 (Gen 4) at 312885 and 192.00 MW
  Switching to SWING Bus 9 (Gen 4) at 313185 and 192.00 MW
  Switching to SWING Bus 9 (Gen 4) at 313485 and 192.00 MW
  Switching to SWING Bus 9 (Gen 4) at 313785 and 192.00 MW
  Switching to SWING Bus 9 (Gen 4) at 314085 and 192.00 MW
  Switching to SWING Bus 9 (Gen 4) at 314385 and 192.00 MW
  Switching to SWING Bus 9 (Gen 4) at 314685 and 192.00 MW
  Switching to SWING Bus 9 (Gen 4) at 314985 and 192.00 MW
  Switching to SWING Bus 9 (Gen 4) at 315285 and 192.00 MW
  Switching to SWING Bus 9 (Gen 4) at 315585 and 192.00 MW
  Switching to SWING Bus 9 (Gen 4) at 315885 and 192.00 MW
  Switching to SWING Bus 9 (Gen 4) at 316185 and 192.00 MW
  Switching to SWING Bus 9 (Gen 4) at 316485 and 192.00 MW
  Switching to SWING Bus 9 (Gen 4) at 316785 and 189.20 MW
  Switching to SWING Bus 9 (Gen 4) at 317085 and 192.00 MW
  Switching to SWING Bus 9 (Gen 4) at 317385 and 192.00 MW
  Switching to SWING Bus 9 (Gen 4) at 317685 and 192.00 MW
  Switching to SWING Bus 9 (Gen 4) at 317985 and 192.00 MW
  Switching to SWING Bus 9 (Gen 4) at 318285 and 192.00 MW
  Switching to SWING Bus 9 (Gen 4) at 318585 and 192.00 MW
  Switching to SWING Bus 9 (Gen 4) at 318885 and 192.00 MW
  Switching to SWING Bus 9 (Gen 4) at 319185 and 192.00 MW
  Switching to SWING Bus 9 (Gen 4) at 319485 and 192.00 MW
  Switching to SWING Bus 9 (Gen 4) at 319785 and 192.00 MW
  Switching to SWING Bus 9 (Gen 4) at 320085 and 192.00 MW
  Switching to SWING Bus 9 (Gen 4) at 320385 and 192.00 MW
  Switching to SWING Bus 9 (Gen 4) at 320685 and 192.00 MW
  Switching to SWING Bus 9 (Gen 4) at 320985 and 192.00 MW
  Switching to SWING Bus 9 (Gen 4) at 321285 and 192.00 MW
  Switching to SWING Bus 9 (Gen 4) at 321585 and 192.00 MW
  Switching to SWING Bus 9 (Gen 4) at 321885 and 192.00 MW
  Switching to SWING Bus 9 (Gen 4) at 322185 and 192.00 MW
  Switching to SWING Bus 9 (Gen 4) at 322485 and 192.00 MW
  Switching to SWING Bus 9 (Gen 4) at 322785 and 192.00 MW
  Switching to SWING Bus 9 (Gen 4) at 323085 and 192.00 MW
  Switching to SWING Bus 9 (Gen 4) at 323385 and 192.00 MW
  Switching to SWING Bus 9 (Gen 4) at 323685 and 192.00 MW
  Switching to SWING Bus 9 (Gen 4) at 323985 and 183.03 MW
  Switching to SWING Bus 9 (Gen 4) at 324285 and 192.00 MW
  Switching to SWING Bus 9 (Gen 4) at 324585 and 192.00 MW
  Switching to SWING Bus 9 (Gen 4) at 324885 and 192.00 MW
  Switching to SWING Bus 9 (Gen 4) at 325185 and 192.00 MW
  Switching to SWING Bus 9 (Gen 4) at 325485 and 192.00 MW
  Switching to SWING Bus 9 (Gen 4) at 325785 and 192.00 MW
  Switching to SWING Bus 9 (Gen 4) at 326085 and 192.00 MW
  Switching to SWING Bus 9 (Gen 4) at 326385 and 192.00 MW
  Switching to SWING Bus 9 (Gen 4) at 326685 and 192.00 MW
  Switching to SWING Bus 9 (Gen 4) at 326985 and 192.00 MW
  Switching to SWING Bus 9 (Gen 4) at 327285 and 192.00 MW
  Switching to SWING Bus 9 (Gen 4) at 327585 and 192.00 MW
  Switching to SWING Bus 9 (Gen 4) at 327885 and 189.89 MW
  Switching to SWING Bus 9 (Gen 4) at 328185 and 192.00 MW
  Switching to SWING Bus 9 (Gen 4) at 328485 and 192.00 MW
  Switching to SWING Bus 9 (Gen 4) at 328785 and 192.00 MW
  Switching to SWING Bus 9 (Gen 4) at 329085 and 192.00 MW
  Switching to SWING Bus 9 (Gen 4) at 329385 and 192.00 MW
  Switching to SWING Bus 9 (Gen 4) at 329685 and 192.00 MW
  Switching to SWING Bus 9 (Gen 4) at 329985 and 192.00 MW
  Switching to SWING Bus 9 (Gen 4) at 330285 and 192.00 MW
  Switching to SWING Bus 9 (Gen 4) at 330585 and 192.00 MW
  Switching to SWING Bus 9 (Gen 4) at 330885 and 192.00 MW
  Switching to SWING Bus 9 (Gen 4) at 331185 and 181.55 MW
  Switching to SWING Bus 9 (Gen 4) at 331485 and 183.27 MW
  Switching to SWING Bus 9 (Gen 4) at 331785 and 184.36 MW
  Switching to SWING Bus 9 (Gen 4) at 332085 and 186.58 MW
  Switching to SWING Bus 9 (Gen 4) at 332385 and 192.00 MW
  Switching to SWING Bus 9 (Gen 4) at 332685 and 180.92 MW
  Switching to SWING Bus 9 (Gen 4) at 332985 and 184.27 MW
  Keeping SWING Bus 2 (Gen 2) at 333285 and 179.02 MW
  Keeping SWING Bus 2 (Gen 2) at 333585 and 175.27 MW
  Keeping SWING Bus 2 (Gen 2) at 333885 and 176.15 MW
  Keeping SWING Bus 2 (Gen 2) at 334185 and 176.32 MW
  Keeping SWING Bus 2 (Gen 2) at 334485 and 170.45 MW
  Keeping SWING Bus 2 (Gen 2) at 334785 and 179.42 MW
  Keeping SWING Bus 2 (Gen 2) at 335085 and 170.38 MW
  Keeping SWING Bus 2 (Gen 2) at 335385 and 172.36 MW
  Keeping SWING Bus 2 (Gen 2) at 335685 and 174.06 MW
  Keeping SWING Bus 2 (Gen 2) at 335985 and 165.93 MW
  Keeping SWING Bus 2 (Gen 2) at 336285 and 158.12 MW
  Keeping SWING Bus 2 (Gen 2) at 336585 and 167.87 MW
  Keeping SWING Bus 2 (Gen 2) at 336885 and 165.49 MW
  Keeping SWING Bus 2 (Gen 2) at 337185 and 164.93 MW
  Keeping SWING Bus 2 (Gen 2) at 337485 and 163.41 MW
  Keeping SWING Bus 2 (Gen 2) at 337785 and 158.30 MW
  Keeping SWING Bus 2 (Gen 2) at 338085 and 152.50 MW
  Keeping SWING Bus 2 (Gen 2) at 338385 and 154.14 MW
  Keeping SWING Bus 2 (Gen 2) at 338685 and 154.86 MW
  Keeping SWING Bus 2 (Gen 2) at 338985 and 149.35 MW
  Keeping SWING Bus 2 (Gen 2) at 339285 and 146.19 MW
  Keeping SWING Bus 2 (Gen 2) at 339585 and 144.08 MW
  Keeping SWING Bus 2 (Gen 2) at 339885 and 139.36 MW
  Keeping SWING Bus 2 (Gen 2) at 340185 and 137.75 MW
  Keeping SWING Bus 2 (Gen 2) at 340485 and 143.96 MW
  Keeping SWING Bus 2 (Gen 2) at 340785 and 141.73 MW
  Keeping SWING Bus 2 (Gen 2) at 341085 and 144.29 MW
  Keeping SWING Bus 2 (Gen 2) at 341385 and 130.26 MW
  Keeping SWING Bus 2 (Gen 2) at 341685 and 131.83 MW
  Keeping SWING Bus 2 (Gen 2) at 341985 and 136.85 MW
  Keeping SWING Bus 2 (Gen 2) at 342285 and 125.19 MW
  Keeping SWING Bus 2 (Gen 2) at 342585 and 142.07 MW
  Keeping SWING Bus 2 (Gen 2) at 342885 and 139.58 MW
  Keeping SWING Bus 2 (Gen 2) at 343185 and 144.63 MW
  Keeping SWING Bus 2 (Gen 2) at 343485 and 142.00 MW
  Keeping SWING Bus 2 (Gen 2) at 343785 and 140.94 MW
  Keeping SWING Bus 2 (Gen 2) at 344085 and 143.21 MW
  Keeping SWING Bus 2 (Gen 2) at 344385 and 147.14 MW
  Keeping SWING Bus 2 (Gen 2) at 344685 and 137.77 MW
  Keeping SWING Bus 2 (Gen 2) at 344985 and 126.71 MW
  Keeping SWING Bus 2 (Gen 2) at 345285 and 132.96 MW
  Keeping SWING Bus 2 (Gen 2) at 345585 and 131.33 MW
breaking out at 345600
writing metrics
closing files
finalizing HELICS
Resource usage:
  User time                 (ru_utime  ) = 547.115439
  System time               (ru_stime  ) = 52.749404
  Max. Resident Set Size    (ru_maxrss ) = 160828
  Shared Memory Size        (ru_ixrss  ) = 0
  Unshared Memory Size      (ru_idrss  ) = 0
  Stack Size                (ru_isrss  ) = 0
  Block inputs              (ru_inblock) = 0
  Block outputs             (ru_oublock) = 11440
