unit   2 off from 108000 to 154800
HELICS publication key 0 pypower/three_phase_voltage_B7
HELICS publication key 1 pypower/LMP_B7
HELICS subscription key 0 _input_2 target gld1/distribution_load
HELICS subscription key 1 _input_3 target sub1/unresponsive_mw
HELICS subscription key 2 _input_4 target sub1/responsive_max_mw
HELICS subscription key 3 _input_5 target sub1/responsive_c1
HELICS subscription key 4 _input_6 target sub1/responsive_c2
HELICS subscription key 5 _input_7 target sub1/responsive_deg
  Keeping SWING Bus 2 (Gen 2) at 0 and 65.09 MW
  Keeping SWING Bus 2 (Gen 2) at 285 and 69.49 MW
  Keeping SWING Bus 2 (Gen 2) at 585 and 72.49 MW
  Keeping SWING Bus 2 (Gen 2) at 885 and 71.99 MW
  Keeping SWING Bus 2 (Gen 2) at 1185 and 71.85 MW
  Keeping SWING Bus 2 (Gen 2) at 1485 and 72.79 MW
  Keeping SWING Bus 2 (Gen 2) at 1785 and 72.31 MW
  Keeping SWING Bus 2 (Gen 2) at 2085 and 71.52 MW
  Keeping SWING Bus 2 (Gen 2) at 2385 and 71.81 MW
  Keeping SWING Bus 2 (Gen 2) at 2685 and 71.70 MW
  Keeping SWING Bus 2 (Gen 2) at 2985 and 72.03 MW
  Keeping SWING Bus 2 (Gen 2) at 3285 and 71.15 MW
  Keeping SWING Bus 2 (Gen 2) at 3585 and 71.24 MW
  Keeping SWING Bus 2 (Gen 2) at 3885 and 72.21 MW
  Keeping SWING Bus 2 (Gen 2) at 4185 and 71.91 MW
  Keeping SWING Bus 2 (Gen 2) at 4485 and 71.20 MW
  Keeping SWING Bus 2 (Gen 2) at 4785 and 71.90 MW
  Keeping SWING Bus 2 (Gen 2) at 5085 and 70.81 MW
  Keeping SWING Bus 2 (Gen 2) at 5385 and 71.29 MW
  Keeping SWING Bus 2 (Gen 2) at 5685 and 71.71 MW
  Keeping SWING Bus 2 (Gen 2) at 5985 and 71.24 MW
  Keeping SWING Bus 2 (Gen 2) at 6285 and 72.51 MW
  Keeping SWING Bus 2 (Gen 2) at 6585 and 71.77 MW
  Keeping SWING Bus 2 (Gen 2) at 6885 and 70.32 MW
  Keeping SWING Bus 2 (Gen 2) at 7185 and 71.14 MW
  Keeping SWING Bus 2 (Gen 2) at 7485 and 71.97 MW
  Keeping SWING Bus 2 (Gen 2) at 7785 and 72.05 MW
  Keeping SWING Bus 2 (Gen 2) at 8085 and 71.45 MW
  Keeping SWING Bus 2 (Gen 2) at 8385 and 70.55 MW
  Keeping SWING Bus 2 (Gen 2) at 8685 and 70.99 MW
  Keeping SWING Bus 2 (Gen 2) at 8985 and 70.93 MW
  Keeping SWING Bus 2 (Gen 2) at 9285 and 71.34 MW
  Keeping SWING Bus 2 (Gen 2) at 9585 and 72.80 MW
  Keeping SWING Bus 2 (Gen 2) at 9885 and 71.35 MW
  Keeping SWING Bus 2 (Gen 2) at 10185 and 71.80 MW
  Keeping SWING Bus 2 (Gen 2) at 10485 and 71.47 MW
  Keeping SWING Bus 2 (Gen 2) at 10785 and 70.03 MW
  Keeping SWING Bus 2 (Gen 2) at 11085 and 70.71 MW
  Keeping SWING Bus 2 (Gen 2) at 11385 and 71.30 MW
  Keeping SWING Bus 2 (Gen 2) at 11685 and 72.30 MW
  Keeping SWING Bus 2 (Gen 2) at 11985 and 71.10 MW
  Keeping SWING Bus 2 (Gen 2) at 12285 and 71.93 MW
  Keeping SWING Bus 2 (Gen 2) at 12585 and 70.30 MW
  Keeping SWING Bus 2 (Gen 2) at 12885 and 70.70 MW
  Keeping SWING Bus 2 (Gen 2) at 13185 and 71.61 MW
  Keeping SWING Bus 2 (Gen 2) at 13485 and 70.99 MW
  Keeping SWING Bus 2 (Gen 2) at 13785 and 70.45 MW
  Keeping SWING Bus 2 (Gen 2) at 14085 and 72.12 MW
  Keeping SWING Bus 2 (Gen 2) at 14385 and 72.12 MW
  Keeping SWING Bus 2 (Gen 2) at 14685 and 70.58 MW
  Keeping SWING Bus 2 (Gen 2) at 14985 and 70.72 MW
  Keeping SWING Bus 2 (Gen 2) at 15285 and 71.14 MW
  Keeping SWING Bus 2 (Gen 2) at 15585 and 71.40 MW
  Keeping SWING Bus 2 (Gen 2) at 15885 and 70.81 MW
  Keeping SWING Bus 2 (Gen 2) at 16185 and 70.48 MW
  Keeping SWING Bus 2 (Gen 2) at 16485 and 70.52 MW
  Keeping SWING Bus 2 (Gen 2) at 16785 and 71.35 MW
  Keeping SWING Bus 2 (Gen 2) at 17085 and 71.73 MW
  Keeping SWING Bus 2 (Gen 2) at 17385 and 70.65 MW
  Keeping SWING Bus 2 (Gen 2) at 17685 and 70.41 MW
  Keeping SWING Bus 2 (Gen 2) at 17985 and 71.16 MW
  Keeping SWING Bus 2 (Gen 2) at 18285 and 72.16 MW
  Keeping SWING Bus 2 (Gen 2) at 18585 and 71.48 MW
  Keeping SWING Bus 2 (Gen 2) at 18885 and 72.57 MW
  Keeping SWING Bus 2 (Gen 2) at 19185 and 73.02 MW
  Keeping SWING Bus 2 (Gen 2) at 19485 and 73.34 MW
  Keeping SWING Bus 2 (Gen 2) at 19785 and 73.04 MW
  Keeping SWING Bus 2 (Gen 2) at 20085 and 73.13 MW
  Keeping SWING Bus 2 (Gen 2) at 20385 and 72.74 MW
  Keeping SWING Bus 2 (Gen 2) at 20685 and 72.97 MW
  Keeping SWING Bus 2 (Gen 2) at 20985 and 73.41 MW
  Keeping SWING Bus 2 (Gen 2) at 21285 and 73.23 MW
  Keeping SWING Bus 2 (Gen 2) at 21585 and 73.30 MW
  Keeping SWING Bus 2 (Gen 2) at 21885 and 73.71 MW
  Keeping SWING Bus 2 (Gen 2) at 22185 and 73.50 MW
  Keeping SWING Bus 2 (Gen 2) at 22485 and 74.23 MW
  Keeping SWING Bus 2 (Gen 2) at 22785 and 73.82 MW
  Keeping SWING Bus 2 (Gen 2) at 23085 and 74.27 MW
  Keeping SWING Bus 2 (Gen 2) at 23385 and 75.33 MW
  Keeping SWING Bus 2 (Gen 2) at 23685 and 74.88 MW
  Keeping SWING Bus 2 (Gen 2) at 23985 and 75.98 MW
  Keeping SWING Bus 2 (Gen 2) at 24285 and 75.63 MW
  Keeping SWING Bus 2 (Gen 2) at 24585 and 76.11 MW
  Keeping SWING Bus 2 (Gen 2) at 24885 and 76.45 MW
  Keeping SWING Bus 2 (Gen 2) at 25185 and 76.55 MW
  Keeping SWING Bus 2 (Gen 2) at 25485 and 77.76 MW
  Keeping SWING Bus 2 (Gen 2) at 25785 and 76.57 MW
  Keeping SWING Bus 2 (Gen 2) at 26085 and 83.22 MW
  Keeping SWING Bus 2 (Gen 2) at 26385 and 84.45 MW
  Keeping SWING Bus 2 (Gen 2) at 26685 and 86.40 MW
  Keeping SWING Bus 2 (Gen 2) at 26985 and 86.30 MW
  Keeping SWING Bus 2 (Gen 2) at 27285 and 85.30 MW
  Keeping SWING Bus 2 (Gen 2) at 27585 and 87.52 MW
  Keeping SWING Bus 2 (Gen 2) at 27885 and 87.67 MW
  Keeping SWING Bus 2 (Gen 2) at 28185 and 89.35 MW
  Keeping SWING Bus 2 (Gen 2) at 28485 and 90.50 MW
  Keeping SWING Bus 2 (Gen 2) at 28785 and 91.00 MW
  Keeping SWING Bus 2 (Gen 2) at 29085 and 91.59 MW
  Keeping SWING Bus 2 (Gen 2) at 29385 and 93.21 MW
  Keeping SWING Bus 2 (Gen 2) at 29685 and 93.44 MW
  Keeping SWING Bus 2 (Gen 2) at 29985 and 95.35 MW
  Keeping SWING Bus 2 (Gen 2) at 30285 and 94.53 MW
  Keeping SWING Bus 2 (Gen 2) at 30585 and 93.53 MW
  Keeping SWING Bus 2 (Gen 2) at 30885 and 96.02 MW
  Keeping SWING Bus 2 (Gen 2) at 31185 and 97.27 MW
  Keeping SWING Bus 2 (Gen 2) at 31485 and 95.89 MW
  Keeping SWING Bus 2 (Gen 2) at 31785 and 94.29 MW
  Keeping SWING Bus 2 (Gen 2) at 32085 and 97.67 MW
  Keeping SWING Bus 2 (Gen 2) at 32385 and 98.87 MW
  Keeping SWING Bus 2 (Gen 2) at 32685 and 96.41 MW
  Keeping SWING Bus 2 (Gen 2) at 32985 and 93.97 MW
  Keeping SWING Bus 2 (Gen 2) at 33285 and 98.90 MW
  Keeping SWING Bus 2 (Gen 2) at 33585 and 97.50 MW
  Keeping SWING Bus 2 (Gen 2) at 33885 and 97.91 MW
  Keeping SWING Bus 2 (Gen 2) at 34185 and 99.26 MW
  Keeping SWING Bus 2 (Gen 2) at 34485 and 99.53 MW
  Keeping SWING Bus 2 (Gen 2) at 34785 and 99.87 MW
  Keeping SWING Bus 2 (Gen 2) at 35085 and 100.22 MW
  Keeping SWING Bus 2 (Gen 2) at 35385 and 99.58 MW
  Keeping SWING Bus 2 (Gen 2) at 35685 and 100.95 MW
  Keeping SWING Bus 2 (Gen 2) at 35985 and 101.78 MW
  Keeping SWING Bus 2 (Gen 2) at 36285 and 102.22 MW
  Keeping SWING Bus 2 (Gen 2) at 36585 and 107.64 MW
  Keeping SWING Bus 2 (Gen 2) at 36885 and 103.30 MW
  Keeping SWING Bus 2 (Gen 2) at 37185 and 108.72 MW
  Keeping SWING Bus 2 (Gen 2) at 37485 and 106.27 MW
  Keeping SWING Bus 2 (Gen 2) at 37785 and 110.15 MW
  Keeping SWING Bus 2 (Gen 2) at 38085 and 109.54 MW
  Keeping SWING Bus 2 (Gen 2) at 38385 and 112.18 MW
SIGINT: Interrupted by Ctrl-C.
